<?xml version="1.0" encoding="utf-8"?>
<CoverageSession>
  <Summary numSequencePoints="3832" visitedSequencePoints="1277" numBranchPoints="246" visitedBranchPoints="155" sequenceCoverage="33.32" branchCoverage="63" maxCyclomaticComplexity="570" minCyclomaticComplexity="570" visitedClasses="127" numClasses="177" visitedMethods="314" numMethods="379" />
  <Modules>
    <Module hash="98A94B3E-7E9D-4AF8-80A3-33B1E35EA6F2">
      <ModulePath>APIEccomerce.dll</ModulePath>
      <ModuleTime>2026-05-29T02:45:03</ModuleTime>
      <ModuleName>APIEccomerce</ModuleName>
      <Files>
        <File uid="1" fullPath="C:\Users\Alejandro\Desktop\Eccomerce Project\backend\APIEccomerce\Program.cs" />
        <File uid="2" fullPath="C:\Users\Alejandro\Desktop\Eccomerce Project\backend\APIEccomerce\Services\AccessService.cs" />
        <File uid="3" fullPath="C:\Users\Alejandro\Desktop\Eccomerce Project\backend\APIEccomerce\Services\AddressService.cs" />
        <File uid="4" fullPath="C:\Users\Alejandro\Desktop\Eccomerce Project\backend\APIEccomerce\Services\CartService.cs" />
        <File uid="5" fullPath="C:\Users\Alejandro\Desktop\Eccomerce Project\backend\APIEccomerce\Services\CategoryService.cs" />
        <File uid="6" fullPath="C:\Users\Alejandro\Desktop\Eccomerce Project\backend\APIEccomerce\Services\CloudinaryService.cs" />
        <File uid="7" fullPath="C:\Users\Alejandro\Desktop\Eccomerce Project\backend\APIEccomerce\Services\GoogleGeocodingService.cs" />
        <File uid="8" fullPath="C:\Users\Alejandro\Desktop\Eccomerce Project\backend\APIEccomerce\Services\OrderService.cs" />
        <File uid="9" fullPath="C:\Users\Alejandro\Desktop\Eccomerce Project\backend\APIEccomerce\Services\PaymentService.cs" />
        <File uid="10" fullPath="C:\Users\Alejandro\Desktop\Eccomerce Project\backend\APIEccomerce\Services\ProductService.cs" />
        <File uid="11" fullPath="C:\Users\Alejandro\Desktop\Eccomerce Project\backend\APIEccomerce\Repositories\AddressRepository.cs" />
        <File uid="12" fullPath="C:\Users\Alejandro\Desktop\Eccomerce Project\backend\APIEccomerce\Repositories\CartRepository.cs" />
        <File uid="13" fullPath="C:\Users\Alejandro\Desktop\Eccomerce Project\backend\APIEccomerce\Repositories\CategoryRepository.cs" />
        <File uid="14" fullPath="C:\Users\Alejandro\Desktop\Eccomerce Project\backend\APIEccomerce\Repositories\OrderRepository.cs" />
        <File uid="15" fullPath="C:\Users\Alejandro\Desktop\Eccomerce Project\backend\APIEccomerce\Repositories\PaymentRepository.cs" />
        <File uid="16" fullPath="C:\Users\Alejandro\Desktop\Eccomerce Project\backend\APIEccomerce\Repositories\ProductRepository.cs" />
        <File uid="17" fullPath="C:\Users\Alejandro\Desktop\Eccomerce Project\backend\APIEccomerce\Repositories\UserRepository.cs" />
        <File uid="18" fullPath="C:\Users\Alejandro\Desktop\Eccomerce Project\backend\APIEccomerce\Models\Address.cs" />
        <File uid="19" fullPath="C:\Users\Alejandro\Desktop\Eccomerce Project\backend\APIEccomerce\Models\Cart.cs" />
        <File uid="20" fullPath="C:\Users\Alejandro\Desktop\Eccomerce Project\backend\APIEccomerce\Models\CartItem.cs" />
        <File uid="21" fullPath="C:\Users\Alejandro\Desktop\Eccomerce Project\backend\APIEccomerce\Models\Category.cs" />
        <File uid="22" fullPath="C:\Users\Alejandro\Desktop\Eccomerce Project\backend\APIEccomerce\Models\Order.cs" />
        <File uid="23" fullPath="C:\Users\Alejandro\Desktop\Eccomerce Project\backend\APIEccomerce\Models\OrderDetail.cs" />
        <File uid="24" fullPath="C:\Users\Alejandro\Desktop\Eccomerce Project\backend\APIEccomerce\Models\Payment.cs" />
        <File uid="25" fullPath="C:\Users\Alejandro\Desktop\Eccomerce Project\backend\APIEccomerce\Models\Product.cs" />
        <File uid="26" fullPath="C:\Users\Alejandro\Desktop\Eccomerce Project\backend\APIEccomerce\Models\Response.cs" />
        <File uid="27" fullPath="C:\Users\Alejandro\Desktop\Eccomerce Project\backend\APIEccomerce\Models\User.cs" />
        <File uid="28" fullPath="C:\Users\Alejandro\Desktop\Eccomerce Project\backend\APIEccomerce\Models\DTOs\AddressDto.cs" />
        <File uid="29" fullPath="C:\Users\Alejandro\Desktop\Eccomerce Project\backend\APIEccomerce\Models\DTOs\CartDto.cs" />
        <File uid="30" fullPath="C:\Users\Alejandro\Desktop\Eccomerce Project\backend\APIEccomerce\Models\DTOs\CartItemDto.cs" />
        <File uid="31" fullPath="C:\Users\Alejandro\Desktop\Eccomerce Project\backend\APIEccomerce\Models\DTOs\CategoryDto.cs" />
        <File uid="32" fullPath="C:\Users\Alejandro\Desktop\Eccomerce Project\backend\APIEccomerce\Models\DTOs\CreateAddressDto.cs" />
        <File uid="33" fullPath="C:\Users\Alejandro\Desktop\Eccomerce Project\backend\APIEccomerce\Models\DTOs\CreateCategoryDto.cs" />
        <File uid="34" fullPath="C:\Users\Alejandro\Desktop\Eccomerce Project\backend\APIEccomerce\Models\DTOs\CreateOrderDto.cs" />
        <File uid="35" fullPath="C:\Users\Alejandro\Desktop\Eccomerce Project\backend\APIEccomerce\Models\DTOs\CreateProductDto.cs" />
        <File uid="36" fullPath="C:\Users\Alejandro\Desktop\Eccomerce Project\backend\APIEccomerce\Models\DTOs\GeocodingResultDto.cs" />
        <File uid="37" fullPath="C:\Users\Alejandro\Desktop\Eccomerce Project\backend\APIEccomerce\Models\DTOs\LoginDto.cs" />
        <File uid="38" fullPath="C:\Users\Alejandro\Desktop\Eccomerce Project\backend\APIEccomerce\Models\DTOs\OrderDetailDto.cs" />
        <File uid="39" fullPath="C:\Users\Alejandro\Desktop\Eccomerce Project\backend\APIEccomerce\Models\DTOs\OrderDto.cs" />
        <File uid="40" fullPath="C:\Users\Alejandro\Desktop\Eccomerce Project\backend\APIEccomerce\Models\DTOs\PaymentIntentDto.cs" />
        <File uid="41" fullPath="C:\Users\Alejandro\Desktop\Eccomerce Project\backend\APIEccomerce\Models\DTOs\ProductResponseDto.cs" />
        <File uid="42" fullPath="C:\Users\Alejandro\Desktop\Eccomerce Project\backend\APIEccomerce\Models\DTOs\TokenDto.cs" />
        <File uid="43" fullPath="C:\Users\Alejandro\Desktop\Eccomerce Project\backend\APIEccomerce\Models\DTOs\UpdateProductDto.cs" />
        <File uid="44" fullPath="C:\Users\Alejandro\Desktop\Eccomerce Project\backend\APIEccomerce\Models\DTOs\UserDto.cs" />
        <File uid="45" fullPath="C:\Users\Alejandro\Desktop\Eccomerce Project\backend\APIEccomerce\Models\DTOs\WompiWebhookDto.cs" />
        <File uid="46" fullPath="C:\Users\Alejandro\Desktop\Eccomerce Project\backend\APIEccomerce\Migrations\20260517032350_corregirTamañoDeDescription.cs" />
        <File uid="47" fullPath="C:\Users\Alejandro\Desktop\Eccomerce Project\backend\APIEccomerce\Migrations\20260517032350_corregirTamañoDeDescription.Designer.cs" />
        <File uid="48" fullPath="C:\Users\Alejandro\Desktop\Eccomerce Project\backend\APIEccomerce\Migrations\20260527032903_AddCartAndCartItem.cs" />
        <File uid="49" fullPath="C:\Users\Alejandro\Desktop\Eccomerce Project\backend\APIEccomerce\Migrations\20260527032903_AddCartAndCartItem.Designer.cs" />
        <File uid="50" fullPath="C:\Users\Alejandro\Desktop\Eccomerce Project\backend\APIEccomerce\Migrations\20260527040552_FixCartRelationships.cs" />
        <File uid="51" fullPath="C:\Users\Alejandro\Desktop\Eccomerce Project\backend\APIEccomerce\Migrations\20260527040552_FixCartRelationships.Designer.cs" />
        <File uid="52" fullPath="C:\Users\Alejandro\Desktop\Eccomerce Project\backend\APIEccomerce\Migrations\20260527135331_FixCartItem.cs" />
        <File uid="53" fullPath="C:\Users\Alejandro\Desktop\Eccomerce Project\backend\APIEccomerce\Migrations\20260527135331_FixCartItem.Designer.cs" />
        <File uid="54" fullPath="C:\Users\Alejandro\Desktop\Eccomerce Project\backend\APIEccomerce\Migrations\20260528211843_AddAddressModule.cs" />
        <File uid="55" fullPath="C:\Users\Alejandro\Desktop\Eccomerce Project\backend\APIEccomerce\Migrations\20260528211843_AddAddressModule.Designer.cs" />
        <File uid="56" fullPath="C:\Users\Alejandro\Desktop\Eccomerce Project\backend\APIEccomerce\Migrations\20260529034820_AddOrderAndPaymentModule.cs" />
        <File uid="57" fullPath="C:\Users\Alejandro\Desktop\Eccomerce Project\backend\APIEccomerce\Migrations\20260529034820_AddOrderAndPaymentModule.Designer.cs" />
        <File uid="58" fullPath="C:\Users\Alejandro\Desktop\Eccomerce Project\backend\APIEccomerce\Migrations\AppDbContextModelSnapshot.cs" />
        <File uid="59" fullPath="C:\Users\Alejandro\Desktop\Eccomerce Project\backend\APIEccomerce\Data\AppDbContext.cs" />
        <File uid="60" fullPath="C:\Users\Alejandro\Desktop\Eccomerce Project\backend\APIEccomerce\Data\AppDbContextFactory.cs" />
        <File uid="61" fullPath="C:\Users\Alejandro\Desktop\Eccomerce Project\backend\APIEccomerce\Custom\Utilities.cs" />
        <File uid="62" fullPath="C:\Users\Alejandro\Desktop\Eccomerce Project\backend\APIEccomerce\Controllers\AccessController.cs" />
        <File uid="63" fullPath="C:\Users\Alejandro\Desktop\Eccomerce Project\backend\APIEccomerce\Controllers\AddressController.cs" />
        <File uid="64" fullPath="C:\Users\Alejandro\Desktop\Eccomerce Project\backend\APIEccomerce\Controllers\CartController.cs" />
        <File uid="65" fullPath="C:\Users\Alejandro\Desktop\Eccomerce Project\backend\APIEccomerce\Controllers\CategoryController.cs" />
        <File uid="66" fullPath="C:\Users\Alejandro\Desktop\Eccomerce Project\backend\APIEccomerce\Controllers\OrderController.cs" />
        <File uid="67" fullPath="C:\Users\Alejandro\Desktop\Eccomerce Project\backend\APIEccomerce\Controllers\PaymentController.cs" />
        <File uid="68" fullPath="C:\Users\Alejandro\Desktop\Eccomerce Project\backend\APIEccomerce\Controllers\ProductController.cs" />
      </Files>
      <Classes>
        <Class>
          <Summary numSequencePoints="80" visitedSequencePoints="0" numBranchPoints="4" visitedBranchPoints="0" sequenceCoverage="0" branchCoverage="0" maxCyclomaticComplexity="4" minCyclomaticComplexity="4" visitedClasses="0" numClasses="1" visitedMethods="0" numMethods="1" />
          <FullName>Program</FullName>
          <Methods>
            <Method cyclomaticComplexity="4" nPathComplexity="4" sequenceCoverage="0" branchCoverage="0" isConstructor="False" isGetter="False" isSetter="False" isStatic="True">
              <Summary numSequencePoints="80" visitedSequencePoints="0" numBranchPoints="4" visitedBranchPoints="0" sequenceCoverage="0" branchCoverage="0" maxCyclomaticComplexity="4" minCyclomaticComplexity="4" visitedClasses="0" numClasses="0" visitedMethods="0" numMethods="1" />
              <MetadataToken />
              <Name>System.Void Program::&lt;Main&gt;$(System.String[])</Name>
              <FileRef uid="1" />
              <SequencePoints>
                <SequencePoint vc="0" uspid="13" ordinal="0" sl="13" sc="1" el="13" ec="2" bec="0" bev="0" fileid="1" />
                <SequencePoint vc="0" uspid="15" ordinal="1" sl="15" sc="1" el="15" ec="2" bec="0" bev="0" fileid="1" />
                <SequencePoint vc="0" uspid="16" ordinal="2" sl="16" sc="1" el="16" ec="2" bec="0" bev="0" fileid="1" />
                <SequencePoint vc="0" uspid="19" ordinal="3" sl="19" sc="1" el="19" ec="2" bec="0" bev="0" fileid="1" />
                <SequencePoint vc="0" uspid="20" ordinal="4" sl="20" sc="1" el="20" ec="2" bec="0" bev="0" fileid="1" />
                <SequencePoint vc="0" uspid="21" ordinal="5" sl="21" sc="1" el="21" ec="2" bec="0" bev="0" fileid="1" />
                <SequencePoint vc="0" uspid="22" ordinal="6" sl="22" sc="1" el="22" ec="2" bec="0" bev="0" fileid="1" />
                <SequencePoint vc="0" uspid="23" ordinal="7" sl="23" sc="1" el="23" ec="2" bec="0" bev="0" fileid="1" />
                <SequencePoint vc="0" uspid="24" ordinal="8" sl="24" sc="1" el="24" ec="2" bec="0" bev="0" fileid="1" />
                <SequencePoint vc="0" uspid="25" ordinal="9" sl="25" sc="1" el="25" ec="2" bec="0" bev="0" fileid="1" />
                <SequencePoint vc="0" uspid="28" ordinal="10" sl="28" sc="1" el="28" ec="2" bec="0" bev="0" fileid="1" />
                <SequencePoint vc="0" uspid="29" ordinal="11" sl="29" sc="1" el="29" ec="2" bec="0" bev="0" fileid="1" />
                <SequencePoint vc="0" uspid="32" ordinal="12" sl="32" sc="1" el="32" ec="2" bec="0" bev="0" fileid="1" />
                <SequencePoint vc="0" uspid="33" ordinal="13" sl="33" sc="1" el="33" ec="2" bec="0" bev="0" fileid="1" />
                <SequencePoint vc="0" uspid="34" ordinal="14" sl="34" sc="1" el="34" ec="2" bec="0" bev="0" fileid="1" />
                <SequencePoint vc="0" uspid="35" ordinal="15" sl="35" sc="1" el="35" ec="2" bec="0" bev="0" fileid="1" />
                <SequencePoint vc="0" uspid="36" ordinal="16" sl="36" sc="1" el="36" ec="2" bec="0" bev="0" fileid="1" />
                <SequencePoint vc="0" uspid="37" ordinal="17" sl="37" sc="1" el="37" ec="2" bec="0" bev="0" fileid="1" />
                <SequencePoint vc="0" uspid="38" ordinal="18" sl="38" sc="1" el="38" ec="2" bec="0" bev="0" fileid="1" />
                <SequencePoint vc="0" uspid="39" ordinal="19" sl="39" sc="1" el="39" ec="2" bec="0" bev="0" fileid="1" />
                <SequencePoint vc="0" uspid="42" ordinal="20" sl="42" sc="1" el="42" ec="2" bec="0" bev="0" fileid="1" />
                <SequencePoint vc="0" uspid="43" ordinal="21" sl="43" sc="1" el="43" ec="2" bec="0" bev="0" fileid="1" />
                <SequencePoint vc="0" uspid="44" ordinal="22" sl="44" sc="1" el="44" ec="2" bec="0" bev="0" fileid="1" />
                <SequencePoint vc="0" uspid="45" ordinal="23" sl="45" sc="1" el="45" ec="2" bec="0" bev="0" fileid="1" />
                <SequencePoint vc="0" uspid="46" ordinal="24" sl="46" sc="1" el="46" ec="2" bec="0" bev="0" fileid="1" />
                <SequencePoint vc="0" uspid="47" ordinal="25" sl="47" sc="1" el="47" ec="2" bec="0" bev="0" fileid="1" />
                <SequencePoint vc="0" uspid="48" ordinal="26" sl="48" sc="1" el="48" ec="2" bec="0" bev="0" fileid="1" />
                <SequencePoint vc="0" uspid="49" ordinal="27" sl="49" sc="1" el="49" ec="2" bec="0" bev="0" fileid="1" />
                <SequencePoint vc="0" uspid="50" ordinal="28" sl="50" sc="1" el="50" ec="2" bec="0" bev="0" fileid="1" />
                <SequencePoint vc="0" uspid="52" ordinal="29" sl="52" sc="1" el="52" ec="2" bec="0" bev="0" fileid="1" />
                <SequencePoint vc="0" uspid="55" ordinal="30" sl="55" sc="1" el="55" ec="2" bec="0" bev="0" fileid="1" />
                <SequencePoint vc="0" uspid="56" ordinal="31" sl="56" sc="1" el="56" ec="2" bec="0" bev="0" fileid="1" />
                <SequencePoint vc="0" uspid="57" ordinal="32" sl="57" sc="1" el="57" ec="2" bec="0" bev="0" fileid="1" />
                <SequencePoint vc="0" uspid="58" ordinal="33" sl="58" sc="1" el="58" ec="2" bec="0" bev="0" fileid="1" />
                <SequencePoint vc="0" uspid="59" ordinal="34" sl="59" sc="1" el="59" ec="2" bec="0" bev="0" fileid="1" />
                <SequencePoint vc="0" uspid="60" ordinal="35" sl="60" sc="1" el="60" ec="2" bec="0" bev="0" fileid="1" />
                <SequencePoint vc="0" uspid="61" ordinal="36" sl="61" sc="1" el="61" ec="2" bec="0" bev="0" fileid="1" />
                <SequencePoint vc="0" uspid="62" ordinal="37" sl="62" sc="1" el="62" ec="2" bec="0" bev="0" fileid="1" />
                <SequencePoint vc="0" uspid="63" ordinal="38" sl="63" sc="1" el="63" ec="2" bec="0" bev="0" fileid="1" />
                <SequencePoint vc="0" uspid="64" ordinal="39" sl="64" sc="1" el="64" ec="2" bec="0" bev="0" fileid="1" />
                <SequencePoint vc="0" uspid="65" ordinal="40" sl="65" sc="1" el="65" ec="2" bec="0" bev="0" fileid="1" />
                <SequencePoint vc="0" uspid="66" ordinal="41" sl="66" sc="1" el="66" ec="2" bec="0" bev="0" fileid="1" />
                <SequencePoint vc="0" uspid="67" ordinal="42" sl="67" sc="1" el="67" ec="2" bec="0" bev="0" fileid="1" />
                <SequencePoint vc="0" uspid="68" ordinal="43" sl="68" sc="1" el="68" ec="2" bec="0" bev="0" fileid="1" />
                <SequencePoint vc="0" uspid="71" ordinal="44" sl="71" sc="1" el="71" ec="2" bec="0" bev="0" fileid="1" />
                <SequencePoint vc="0" uspid="72" ordinal="45" sl="72" sc="1" el="72" ec="2" bec="0" bev="0" fileid="1" />
                <SequencePoint vc="0" uspid="73" ordinal="46" sl="73" sc="1" el="73" ec="2" bec="0" bev="0" fileid="1" />
                <SequencePoint vc="0" uspid="74" ordinal="47" sl="74" sc="1" el="74" ec="2" bec="0" bev="0" fileid="1" />
                <SequencePoint vc="0" uspid="75" ordinal="48" sl="75" sc="1" el="75" ec="2" bec="0" bev="0" fileid="1" />
                <SequencePoint vc="0" uspid="76" ordinal="49" sl="76" sc="1" el="76" ec="2" bec="0" bev="0" fileid="1" />
                <SequencePoint vc="0" uspid="78" ordinal="50" sl="78" sc="1" el="78" ec="2" bec="0" bev="0" fileid="1" />
                <SequencePoint vc="0" uspid="81" ordinal="51" sl="81" sc="1" el="81" ec="2" bec="0" bev="0" fileid="1" />
                <SequencePoint vc="0" uspid="82" ordinal="52" sl="82" sc="1" el="82" ec="2" bec="0" bev="0" fileid="1" />
                <SequencePoint vc="0" uspid="83" ordinal="53" sl="83" sc="1" el="83" ec="2" bec="0" bev="0" fileid="1" />
                <SequencePoint vc="0" uspid="84" ordinal="54" sl="84" sc="1" el="84" ec="2" bec="0" bev="0" fileid="1" />
                <SequencePoint vc="0" uspid="85" ordinal="55" sl="85" sc="1" el="85" ec="2" bec="0" bev="0" fileid="1" />
                <SequencePoint vc="0" uspid="86" ordinal="56" sl="86" sc="1" el="86" ec="2" bec="2" bev="0" fileid="1" />
                <SequencePoint vc="0" uspid="87" ordinal="57" sl="87" sc="1" el="87" ec="2" bec="0" bev="0" fileid="1" />
                <SequencePoint vc="0" uspid="89" ordinal="58" sl="89" sc="1" el="89" ec="2" bec="0" bev="0" fileid="1" />
                <SequencePoint vc="0" uspid="90" ordinal="59" sl="90" sc="1" el="90" ec="2" bec="0" bev="0" fileid="1" />
                <SequencePoint vc="0" uspid="91" ordinal="60" sl="91" sc="1" el="91" ec="2" bec="0" bev="0" fileid="1" />
                <SequencePoint vc="0" uspid="92" ordinal="61" sl="92" sc="1" el="92" ec="2" bec="0" bev="0" fileid="1" />
                <SequencePoint vc="0" uspid="94" ordinal="62" sl="94" sc="1" el="94" ec="2" bec="0" bev="0" fileid="1" />
                <SequencePoint vc="0" uspid="95" ordinal="63" sl="95" sc="1" el="95" ec="2" bec="0" bev="0" fileid="1" />
                <SequencePoint vc="0" uspid="96" ordinal="64" sl="96" sc="1" el="96" ec="2" bec="0" bev="0" fileid="1" />
                <SequencePoint vc="0" uspid="97" ordinal="65" sl="97" sc="1" el="97" ec="2" bec="0" bev="0" fileid="1" />
                <SequencePoint vc="0" uspid="98" ordinal="66" sl="98" sc="1" el="98" ec="2" bec="2" bev="0" fileid="1" />
                <SequencePoint vc="0" uspid="99" ordinal="67" sl="99" sc="1" el="99" ec="2" bec="0" bev="0" fileid="1" />
                <SequencePoint vc="0" uspid="101" ordinal="68" sl="101" sc="1" el="101" ec="2" bec="0" bev="0" fileid="1" />
                <SequencePoint vc="0" uspid="102" ordinal="69" sl="102" sc="1" el="102" ec="2" bec="0" bev="0" fileid="1" />
                <SequencePoint vc="0" uspid="103" ordinal="70" sl="103" sc="1" el="103" ec="2" bec="0" bev="0" fileid="1" />
                <SequencePoint vc="0" uspid="104" ordinal="71" sl="104" sc="1" el="104" ec="2" bec="0" bev="0" fileid="1" />
                <SequencePoint vc="0" uspid="107" ordinal="72" sl="107" sc="1" el="107" ec="2" bec="0" bev="0" fileid="1" />
                <SequencePoint vc="0" uspid="108" ordinal="73" sl="108" sc="1" el="108" ec="2" bec="0" bev="0" fileid="1" />
                <SequencePoint vc="0" uspid="110" ordinal="74" sl="110" sc="1" el="110" ec="2" bec="0" bev="0" fileid="1" />
                <SequencePoint vc="0" uspid="111" ordinal="75" sl="111" sc="1" el="111" ec="2" bec="0" bev="0" fileid="1" />
                <SequencePoint vc="0" uspid="112" ordinal="76" sl="112" sc="1" el="112" ec="2" bec="0" bev="0" fileid="1" />
                <SequencePoint vc="0" uspid="113" ordinal="77" sl="113" sc="1" el="113" ec="2" bec="0" bev="0" fileid="1" />
                <SequencePoint vc="0" uspid="114" ordinal="78" sl="114" sc="1" el="114" ec="2" bec="0" bev="0" fileid="1" />
                <SequencePoint vc="0" uspid="116" ordinal="79" sl="116" sc="1" el="116" ec="2" bec="0" bev="0" fileid="1" />
              </SequencePoints>
              <BranchPoints>
                <BranchPoint vc="0" uspid="86" ordinal="3" path="1" offset="779" offsetend="609" sl="86" fileid="1" />
                <BranchPoint vc="0" uspid="98" ordinal="0" path="0" offset="731" offsetend="733" sl="98" fileid="1" />
                <BranchPoint vc="0" uspid="98" ordinal="1" path="1" offset="731" offsetend="755" sl="98" fileid="1" />
                <BranchPoint vc="0" uspid="86" ordinal="2" path="0" offset="779" offsetend="784" sl="86" fileid="1" />
              </BranchPoints>
              <MethodPoint vc="0" uspid="0" p8:type="SequencePoint" ordinal="0" offset="0" sc="0" sl="13" ec="1" el="116" bec="0" bev="0" fileid="1" xmlns:p8="xsi" />
            </Method>
          </Methods>
        </Class>
        <Class>
          <Summary numSequencePoints="8" visitedSequencePoints="8" numBranchPoints="0" visitedBranchPoints="0" sequenceCoverage="100" branchCoverage="100" maxCyclomaticComplexity="1" minCyclomaticComplexity="1" visitedClasses="1" numClasses="1" visitedMethods="2" numMethods="2" />
          <FullName>APIEccomerce.Services.AccessService</FullName>
          <Methods>
            <Method cyclomaticComplexity="1" nPathComplexity="1" sequenceCoverage="100" branchCoverage="100" isConstructor="False" isGetter="False" isSetter="False" isStatic="True">
              <Summary numSequencePoints="3" visitedSequencePoints="3" numBranchPoints="0" visitedBranchPoints="0" sequenceCoverage="100" branchCoverage="100" maxCyclomaticComplexity="1" minCyclomaticComplexity="1" visitedClasses="0" numClasses="0" visitedMethods="1" numMethods="1" />
              <MetadataToken />
              <Name>System.Boolean APIEccomerce.Services.AccessService::ValidateToken(System.String)</Name>
              <FileRef uid="2" />
              <SequencePoints>
                <SequencePoint vc="2" uspid="56" ordinal="0" sl="56" sc="1" el="56" ec="2" bec="0" bev="0" fileid="2" />
                <SequencePoint vc="2" uspid="57" ordinal="1" sl="57" sc="1" el="57" ec="2" bec="0" bev="0" fileid="2" />
                <SequencePoint vc="2" uspid="58" ordinal="2" sl="58" sc="1" el="58" ec="2" bec="0" bev="0" fileid="2" />
              </SequencePoints>
              <BranchPoints />
              <MethodPoint vc="3" uspid="0" p8:type="SequencePoint" ordinal="0" offset="0" sc="0" sl="56" ec="1" el="58" bec="0" bev="0" fileid="2" xmlns:p8="xsi" />
            </Method>
            <Method cyclomaticComplexity="1" nPathComplexity="1" sequenceCoverage="100" branchCoverage="100" isConstructor="True" isGetter="False" isSetter="False" isStatic="True">
              <Summary numSequencePoints="5" visitedSequencePoints="5" numBranchPoints="0" visitedBranchPoints="0" sequenceCoverage="100" branchCoverage="100" maxCyclomaticComplexity="1" minCyclomaticComplexity="1" visitedClasses="0" numClasses="0" visitedMethods="1" numMethods="1" />
              <MetadataToken />
              <Name>System.Void APIEccomerce.Services.AccessService::.ctor(APIEccomerce.Repositories.Interfaces.IUserRepository,APIEccomerce.Custom.IUtilities)</Name>
              <FileRef uid="2" />
              <SequencePoints>
                <SequencePoint vc="8" uspid="13" ordinal="0" sl="13" sc="1" el="13" ec="2" bec="0" bev="0" fileid="2" />
                <SequencePoint vc="8" uspid="14" ordinal="1" sl="14" sc="1" el="14" ec="2" bec="0" bev="0" fileid="2" />
                <SequencePoint vc="8" uspid="15" ordinal="2" sl="15" sc="1" el="15" ec="2" bec="0" bev="0" fileid="2" />
                <SequencePoint vc="8" uspid="16" ordinal="3" sl="16" sc="1" el="16" ec="2" bec="0" bev="0" fileid="2" />
                <SequencePoint vc="8" uspid="17" ordinal="4" sl="17" sc="1" el="17" ec="2" bec="0" bev="0" fileid="2" />
              </SequencePoints>
              <BranchPoints />
              <MethodPoint vc="5" uspid="0" p8:type="SequencePoint" ordinal="1" offset="1" sc="0" sl="13" ec="1" el="17" bec="0" bev="0" fileid="2" xmlns:p8="xsi" />
            </Method>
          </Methods>
        </Class>
        <Class>
          <Summary numSequencePoints="7" visitedSequencePoints="7" numBranchPoints="4" visitedBranchPoints="4" sequenceCoverage="100" branchCoverage="100" maxCyclomaticComplexity="4" minCyclomaticComplexity="4" visitedClasses="1" numClasses="1" visitedMethods="1" numMethods="1" />
          <FullName>APIEccomerce.Services.AccessService/&lt;Login&gt;d__4</FullName>
          <Methods>
            <Method cyclomaticComplexity="4" nPathComplexity="4" sequenceCoverage="100" branchCoverage="100" isConstructor="False" isGetter="False" isSetter="False" isStatic="True">
              <Summary numSequencePoints="7" visitedSequencePoints="7" numBranchPoints="4" visitedBranchPoints="4" sequenceCoverage="100" branchCoverage="100" maxCyclomaticComplexity="4" minCyclomaticComplexity="4" visitedClasses="0" numClasses="0" visitedMethods="1" numMethods="1" />
              <MetadataToken />
              <Name>System.Void APIEccomerce.Services.AccessService/&lt;Login&gt;d__4::MoveNext()</Name>
              <FileRef uid="2" />
              <SequencePoints>
                <SequencePoint vc="3" uspid="43" ordinal="0" sl="43" sc="1" el="43" ec="2" bec="0" bev="0" fileid="2" />
                <SequencePoint vc="3" uspid="44" ordinal="1" sl="44" sc="1" el="44" ec="2" bec="0" bev="0" fileid="2" />
                <SequencePoint vc="3" uspid="46" ordinal="2" sl="46" sc="1" el="46" ec="2" bec="4" bev="4" fileid="2" />
                <SequencePoint vc="2" uspid="47" ordinal="3" sl="47" sc="1" el="47" ec="2" bec="0" bev="0" fileid="2" />
                <SequencePoint vc="1" uspid="49" ordinal="4" sl="49" sc="1" el="49" ec="2" bec="0" bev="0" fileid="2" />
                <SequencePoint vc="1" uspid="51" ordinal="5" sl="51" sc="1" el="51" ec="2" bec="0" bev="0" fileid="2" />
                <SequencePoint vc="3" uspid="52" ordinal="6" sl="52" sc="1" el="52" ec="2" bec="0" bev="0" fileid="2" />
              </SequencePoints>
              <BranchPoints>
                <BranchPoint vc="2" uspid="46" ordinal="0" path="0" offset="162" offsetend="164" sl="46" fileid="2" />
                <BranchPoint vc="1" uspid="46" ordinal="1" path="1" offset="162" offsetend="207" sl="46" fileid="2" />
                <BranchPoint vc="2" uspid="46" ordinal="2" path="0" offset="212" offsetend="214" sl="46" fileid="2" />
                <BranchPoint vc="1" uspid="46" ordinal="3" path="1" offset="212" offsetend="218" sl="46" fileid="2" />
              </BranchPoints>
              <MethodPoint vc="7" uspid="0" p8:type="SequencePoint" ordinal="0" offset="0" sc="0" sl="43" ec="1" el="52" bec="0" bev="0" fileid="2" xmlns:p8="xsi" />
            </Method>
          </Methods>
        </Class>
        <Class>
          <Summary numSequencePoints="15" visitedSequencePoints="15" numBranchPoints="2" visitedBranchPoints="2" sequenceCoverage="100" branchCoverage="100" maxCyclomaticComplexity="2" minCyclomaticComplexity="2" visitedClasses="1" numClasses="1" visitedMethods="1" numMethods="1" />
          <FullName>APIEccomerce.Services.AccessService/&lt;Register&gt;d__3</FullName>
          <Methods>
            <Method cyclomaticComplexity="2" nPathComplexity="2" sequenceCoverage="100" branchCoverage="100" isConstructor="False" isGetter="False" isSetter="False" isStatic="True">
              <Summary numSequencePoints="15" visitedSequencePoints="15" numBranchPoints="2" visitedBranchPoints="2" sequenceCoverage="100" branchCoverage="100" maxCyclomaticComplexity="2" minCyclomaticComplexity="2" visitedClasses="0" numClasses="0" visitedMethods="1" numMethods="1" />
              <MetadataToken />
              <Name>System.Void APIEccomerce.Services.AccessService/&lt;Register&gt;d__3::MoveNext()</Name>
              <FileRef uid="2" />
              <SequencePoints>
                <SequencePoint vc="3" uspid="21" ordinal="0" sl="21" sc="1" el="21" ec="2" bec="0" bev="0" fileid="2" />
                <SequencePoint vc="3" uspid="22" ordinal="1" sl="22" sc="1" el="22" ec="2" bec="0" bev="0" fileid="2" />
                <SequencePoint vc="3" uspid="24" ordinal="2" sl="24" sc="1" el="24" ec="2" bec="2" bev="2" fileid="2" />
                <SequencePoint vc="1" uspid="25" ordinal="3" sl="25" sc="1" el="25" ec="2" bec="0" bev="0" fileid="2" />
                <SequencePoint vc="2" uspid="27" ordinal="4" sl="27" sc="1" el="27" ec="2" bec="0" bev="0" fileid="2" />
                <SequencePoint vc="2" uspid="28" ordinal="5" sl="28" sc="1" el="28" ec="2" bec="0" bev="0" fileid="2" />
                <SequencePoint vc="2" uspid="29" ordinal="6" sl="29" sc="1" el="29" ec="2" bec="0" bev="0" fileid="2" />
                <SequencePoint vc="2" uspid="30" ordinal="7" sl="30" sc="1" el="30" ec="2" bec="0" bev="0" fileid="2" />
                <SequencePoint vc="2" uspid="31" ordinal="8" sl="31" sc="1" el="31" ec="2" bec="0" bev="0" fileid="2" />
                <SequencePoint vc="2" uspid="32" ordinal="9" sl="32" sc="1" el="32" ec="2" bec="0" bev="0" fileid="2" />
                <SequencePoint vc="2" uspid="33" ordinal="10" sl="33" sc="1" el="33" ec="2" bec="0" bev="0" fileid="2" />
                <SequencePoint vc="2" uspid="34" ordinal="11" sl="34" sc="1" el="34" ec="2" bec="0" bev="0" fileid="2" />
                <SequencePoint vc="2" uspid="36" ordinal="12" sl="36" sc="1" el="36" ec="2" bec="0" bev="0" fileid="2" />
                <SequencePoint vc="2" uspid="38" ordinal="13" sl="38" sc="1" el="38" ec="2" bec="0" bev="0" fileid="2" />
                <SequencePoint vc="2" uspid="39" ordinal="14" sl="39" sc="1" el="39" ec="2" bec="0" bev="0" fileid="2" />
              </SequencePoints>
              <BranchPoints>
                <BranchPoint vc="1" uspid="24" ordinal="0" path="0" offset="170" offsetend="172" sl="24" fileid="2" />
                <BranchPoint vc="2" uspid="24" ordinal="1" path="1" offset="170" offsetend="183" sl="24" fileid="2" />
              </BranchPoints>
              <MethodPoint vc="15" uspid="0" p8:type="SequencePoint" ordinal="0" offset="0" sc="0" sl="21" ec="1" el="39" bec="0" bev="0" fileid="2" xmlns:p8="xsi" />
            </Method>
          </Methods>
        </Class>
        <Class>
          <Summary numSequencePoints="23" visitedSequencePoints="23" numBranchPoints="0" visitedBranchPoints="0" sequenceCoverage="100" branchCoverage="100" maxCyclomaticComplexity="1" minCyclomaticComplexity="1" visitedClasses="1" numClasses="1" visitedMethods="2" numMethods="2" />
          <FullName>APIEccomerce.Services.AddressService</FullName>
          <Methods>
            <Method cyclomaticComplexity="1" nPathComplexity="1" sequenceCoverage="100" branchCoverage="100" isConstructor="False" isGetter="False" isSetter="False" isStatic="True">
              <Summary numSequencePoints="16" visitedSequencePoints="16" numBranchPoints="0" visitedBranchPoints="0" sequenceCoverage="100" branchCoverage="100" maxCyclomaticComplexity="1" minCyclomaticComplexity="1" visitedClasses="0" numClasses="0" visitedMethods="1" numMethods="1" />
              <MetadataToken />
              <Name>APIEccomerce.Models.DTOs.AddressDto APIEccomerce.Services.AddressService::Map(APIEccomerce.Models.Address)</Name>
              <FileRef uid="3" />
              <SequencePoints>
                <SequencePoint vc="6" uspid="119" ordinal="0" sl="119" sc="1" el="119" ec="2" bec="0" bev="0" fileid="3" />
                <SequencePoint vc="6" uspid="120" ordinal="1" sl="120" sc="1" el="120" ec="2" bec="0" bev="0" fileid="3" />
                <SequencePoint vc="6" uspid="121" ordinal="2" sl="121" sc="1" el="121" ec="2" bec="0" bev="0" fileid="3" />
                <SequencePoint vc="6" uspid="122" ordinal="3" sl="122" sc="1" el="122" ec="2" bec="0" bev="0" fileid="3" />
                <SequencePoint vc="6" uspid="123" ordinal="4" sl="123" sc="1" el="123" ec="2" bec="0" bev="0" fileid="3" />
                <SequencePoint vc="6" uspid="124" ordinal="5" sl="124" sc="1" el="124" ec="2" bec="0" bev="0" fileid="3" />
                <SequencePoint vc="6" uspid="125" ordinal="6" sl="125" sc="1" el="125" ec="2" bec="0" bev="0" fileid="3" />
                <SequencePoint vc="6" uspid="126" ordinal="7" sl="126" sc="1" el="126" ec="2" bec="0" bev="0" fileid="3" />
                <SequencePoint vc="6" uspid="127" ordinal="8" sl="127" sc="1" el="127" ec="2" bec="0" bev="0" fileid="3" />
                <SequencePoint vc="6" uspid="128" ordinal="9" sl="128" sc="1" el="128" ec="2" bec="0" bev="0" fileid="3" />
                <SequencePoint vc="6" uspid="129" ordinal="10" sl="129" sc="1" el="129" ec="2" bec="0" bev="0" fileid="3" />
                <SequencePoint vc="6" uspid="130" ordinal="11" sl="130" sc="1" el="130" ec="2" bec="0" bev="0" fileid="3" />
                <SequencePoint vc="6" uspid="131" ordinal="12" sl="131" sc="1" el="131" ec="2" bec="0" bev="0" fileid="3" />
                <SequencePoint vc="6" uspid="132" ordinal="13" sl="132" sc="1" el="132" ec="2" bec="0" bev="0" fileid="3" />
                <SequencePoint vc="6" uspid="133" ordinal="14" sl="133" sc="1" el="133" ec="2" bec="0" bev="0" fileid="3" />
                <SequencePoint vc="6" uspid="134" ordinal="15" sl="134" sc="1" el="134" ec="2" bec="0" bev="0" fileid="3" />
              </SequencePoints>
              <BranchPoints />
              <MethodPoint vc="16" uspid="0" p8:type="SequencePoint" ordinal="0" offset="0" sc="0" sl="119" ec="1" el="134" bec="0" bev="0" fileid="3" xmlns:p8="xsi" />
            </Method>
            <Method cyclomaticComplexity="1" nPathComplexity="1" sequenceCoverage="100" branchCoverage="100" isConstructor="True" isGetter="False" isSetter="False" isStatic="True">
              <Summary numSequencePoints="7" visitedSequencePoints="7" numBranchPoints="0" visitedBranchPoints="0" sequenceCoverage="100" branchCoverage="100" maxCyclomaticComplexity="1" minCyclomaticComplexity="1" visitedClasses="0" numClasses="0" visitedMethods="1" numMethods="1" />
              <MetadataToken />
              <Name>System.Void APIEccomerce.Services.AddressService::.ctor(APIEccomerce.Repositories.Interfaces.IAddressRepository,APIEccomerce.Services.Interfaces.IGoogleGeocodingService)</Name>
              <FileRef uid="3" />
              <SequencePoints>
                <SequencePoint vc="13" uspid="13" ordinal="0" sl="13" sc="1" el="13" ec="2" bec="0" bev="0" fileid="3" />
                <SequencePoint vc="13" uspid="14" ordinal="1" sl="14" sc="1" el="14" ec="2" bec="0" bev="0" fileid="3" />
                <SequencePoint vc="13" uspid="15" ordinal="2" sl="15" sc="1" el="15" ec="2" bec="0" bev="0" fileid="3" />
                <SequencePoint vc="13" uspid="16" ordinal="3" sl="16" sc="1" el="16" ec="2" bec="0" bev="0" fileid="3" />
                <SequencePoint vc="13" uspid="17" ordinal="4" sl="17" sc="1" el="17" ec="2" bec="0" bev="0" fileid="3" />
                <SequencePoint vc="13" uspid="18" ordinal="5" sl="18" sc="1" el="18" ec="2" bec="0" bev="0" fileid="3" />
                <SequencePoint vc="13" uspid="19" ordinal="6" sl="19" sc="1" el="19" ec="2" bec="0" bev="0" fileid="3" />
              </SequencePoints>
              <BranchPoints />
              <MethodPoint vc="7" uspid="0" p8:type="SequencePoint" ordinal="1" offset="1" sc="0" sl="13" ec="1" el="19" bec="0" bev="0" fileid="3" xmlns:p8="xsi" />
            </Method>
          </Methods>
        </Class>
        <Class>
          <Summary numSequencePoints="38" visitedSequencePoints="37" numBranchPoints="10" visitedBranchPoints="8" sequenceCoverage="97.36" branchCoverage="80" maxCyclomaticComplexity="10" minCyclomaticComplexity="10" visitedClasses="1" numClasses="1" visitedMethods="1" numMethods="1" />
          <FullName>APIEccomerce.Services.AddressService/&lt;Create&gt;d__5</FullName>
          <Methods>
            <Method cyclomaticComplexity="10" nPathComplexity="10" sequenceCoverage="97.36" branchCoverage="80" isConstructor="False" isGetter="False" isSetter="False" isStatic="True">
              <Summary numSequencePoints="38" visitedSequencePoints="37" numBranchPoints="10" visitedBranchPoints="8" sequenceCoverage="97.36" branchCoverage="80" maxCyclomaticComplexity="10" minCyclomaticComplexity="10" visitedClasses="0" numClasses="0" visitedMethods="1" numMethods="1" />
              <MetadataToken />
              <Name>System.Void APIEccomerce.Services.AddressService/&lt;Create&gt;d__5::MoveNext()</Name>
              <FileRef uid="3" />
              <SequencePoints>
                <SequencePoint vc="3" uspid="34" ordinal="0" sl="34" sc="1" el="34" ec="2" bec="0" bev="0" fileid="3" />
                <SequencePoint vc="3" uspid="35" ordinal="1" sl="35" sc="1" el="35" ec="2" bec="2" bev="1" fileid="3" />
                <SequencePoint vc="0" uspid="36" ordinal="2" sl="36" sc="1" el="36" ec="2" bec="0" bev="0" fileid="3" />
                <SequencePoint vc="3" uspid="38" ordinal="3" sl="38" sc="1" el="38" ec="2" bec="0" bev="0" fileid="3" />
                <SequencePoint vc="3" uspid="39" ordinal="4" sl="39" sc="1" el="39" ec="2" bec="2" bev="1" fileid="3" />
                <SequencePoint vc="3" uspid="42" ordinal="5" sl="42" sc="1" el="42" ec="2" bec="4" bev="4" fileid="3" />
                <SequencePoint vc="1" uspid="43" ordinal="6" sl="43" sc="1" el="43" ec="2" bec="0" bev="0" fileid="3" />
                <SequencePoint vc="1" uspid="44" ordinal="7" sl="44" sc="1" el="44" ec="2" bec="0" bev="0" fileid="3" />
                <SequencePoint vc="1" uspid="45" ordinal="8" sl="45" sc="1" el="45" ec="2" bec="0" bev="0" fileid="3" />
                <SequencePoint vc="1" uspid="47" ordinal="9" sl="47" sc="1" el="47" ec="2" bec="2" bev="2" fileid="3" />
                <SequencePoint vc="1" uspid="48" ordinal="10" sl="48" sc="1" el="48" ec="2" bec="0" bev="0" fileid="3" />
                <SequencePoint vc="1" uspid="49" ordinal="11" sl="49" sc="1" el="49" ec="2" bec="0" bev="0" fileid="3" />
                <SequencePoint vc="1" uspid="50" ordinal="12" sl="50" sc="1" el="50" ec="2" bec="0" bev="0" fileid="3" />
                <SequencePoint vc="1" uspid="51" ordinal="13" sl="51" sc="1" el="51" ec="2" bec="0" bev="0" fileid="3" />
                <SequencePoint vc="1" uspid="52" ordinal="14" sl="52" sc="1" el="52" ec="2" bec="0" bev="0" fileid="3" />
                <SequencePoint vc="1" uspid="53" ordinal="15" sl="53" sc="1" el="53" ec="2" bec="0" bev="0" fileid="3" />
                <SequencePoint vc="1" uspid="54" ordinal="16" sl="54" sc="1" el="54" ec="2" bec="0" bev="0" fileid="3" />
                <SequencePoint vc="1" uspid="55" ordinal="17" sl="55" sc="1" el="55" ec="2" bec="0" bev="0" fileid="3" />
                <SequencePoint vc="3" uspid="57" ordinal="18" sl="57" sc="1" el="57" ec="2" bec="0" bev="0" fileid="3" />
                <SequencePoint vc="3" uspid="58" ordinal="19" sl="58" sc="1" el="58" ec="2" bec="0" bev="0" fileid="3" />
                <SequencePoint vc="3" uspid="59" ordinal="20" sl="59" sc="1" el="59" ec="2" bec="0" bev="0" fileid="3" />
                <SequencePoint vc="3" uspid="60" ordinal="21" sl="60" sc="1" el="60" ec="2" bec="0" bev="0" fileid="3" />
                <SequencePoint vc="3" uspid="61" ordinal="22" sl="61" sc="1" el="61" ec="2" bec="0" bev="0" fileid="3" />
                <SequencePoint vc="3" uspid="62" ordinal="23" sl="62" sc="1" el="62" ec="2" bec="0" bev="0" fileid="3" />
                <SequencePoint vc="3" uspid="63" ordinal="24" sl="63" sc="1" el="63" ec="2" bec="0" bev="0" fileid="3" />
                <SequencePoint vc="3" uspid="64" ordinal="25" sl="64" sc="1" el="64" ec="2" bec="0" bev="0" fileid="3" />
                <SequencePoint vc="3" uspid="65" ordinal="26" sl="65" sc="1" el="65" ec="2" bec="0" bev="0" fileid="3" />
                <SequencePoint vc="3" uspid="66" ordinal="27" sl="66" sc="1" el="66" ec="2" bec="0" bev="0" fileid="3" />
                <SequencePoint vc="3" uspid="67" ordinal="28" sl="67" sc="1" el="67" ec="2" bec="0" bev="0" fileid="3" />
                <SequencePoint vc="3" uspid="68" ordinal="29" sl="68" sc="1" el="68" ec="2" bec="0" bev="0" fileid="3" />
                <SequencePoint vc="3" uspid="69" ordinal="30" sl="69" sc="1" el="69" ec="2" bec="0" bev="0" fileid="3" />
                <SequencePoint vc="3" uspid="70" ordinal="31" sl="70" sc="1" el="70" ec="2" bec="0" bev="0" fileid="3" />
                <SequencePoint vc="3" uspid="71" ordinal="32" sl="71" sc="1" el="71" ec="2" bec="0" bev="0" fileid="3" />
                <SequencePoint vc="3" uspid="72" ordinal="33" sl="72" sc="1" el="72" ec="2" bec="0" bev="0" fileid="3" />
                <SequencePoint vc="3" uspid="73" ordinal="34" sl="73" sc="1" el="73" ec="2" bec="0" bev="0" fileid="3" />
                <SequencePoint vc="3" uspid="75" ordinal="35" sl="75" sc="1" el="75" ec="2" bec="0" bev="0" fileid="3" />
                <SequencePoint vc="3" uspid="76" ordinal="36" sl="76" sc="1" el="76" ec="2" bec="0" bev="0" fileid="3" />
                <SequencePoint vc="3" uspid="77" ordinal="37" sl="77" sc="1" el="77" ec="2" bec="0" bev="0" fileid="3" />
              </SequencePoints>
              <BranchPoints>
                <BranchPoint vc="0" uspid="35" ordinal="0" path="0" offset="62" offsetend="64" sl="35" fileid="3" />
                <BranchPoint vc="3" uspid="35" ordinal="1" path="1" offset="62" offsetend="177" sl="35" fileid="3" />
                <BranchPoint vc="3" uspid="39" ordinal="2" path="0" offset="329" offsetend="331" sl="39" fileid="3" />
                <BranchPoint vc="0" uspid="39" ordinal="3" path="1" offset="329" offsetend="347" sl="39" fileid="3" />
                <BranchPoint vc="1" uspid="42" ordinal="4" path="0" offset="373" offsetend="375" sl="42" fileid="3" />
                <BranchPoint vc="2" uspid="42" ordinal="5" path="1" offset="373" offsetend="399" sl="42" fileid="3" />
                <BranchPoint vc="1" uspid="42" ordinal="6" path="0" offset="404" offsetend="409" sl="42" fileid="3" />
                <BranchPoint vc="1" uspid="47" ordinal="8" path="0" offset="590" offsetend="592" sl="47" fileid="3" />
                <BranchPoint vc="1" uspid="47" ordinal="9" path="1" offset="590" offsetend="709" sl="47" fileid="3" />
                <BranchPoint vc="3" uspid="42" ordinal="7" path="1" offset="404" offsetend="717" sl="42" fileid="3" />
              </BranchPoints>
              <MethodPoint vc="37" uspid="0" p8:type="SequencePoint" ordinal="0" offset="0" sc="0" sl="34" ec="1" el="77" bec="0" bev="0" fileid="3" xmlns:p8="xsi" />
            </Method>
          </Methods>
        </Class>
        <Class>
          <Summary numSequencePoints="6" visitedSequencePoints="6" numBranchPoints="4" visitedBranchPoints="4" sequenceCoverage="100" branchCoverage="100" maxCyclomaticComplexity="4" minCyclomaticComplexity="4" visitedClasses="1" numClasses="1" visitedMethods="1" numMethods="1" />
          <FullName>APIEccomerce.Services.AddressService/&lt;Delete&gt;d__7</FullName>
          <Methods>
            <Method cyclomaticComplexity="4" nPathComplexity="4" sequenceCoverage="100" branchCoverage="100" isConstructor="False" isGetter="False" isSetter="False" isStatic="True">
              <Summary numSequencePoints="6" visitedSequencePoints="6" numBranchPoints="4" visitedBranchPoints="4" sequenceCoverage="100" branchCoverage="100" maxCyclomaticComplexity="4" minCyclomaticComplexity="4" visitedClasses="0" numClasses="0" visitedMethods="1" numMethods="1" />
              <MetadataToken />
              <Name>System.Void APIEccomerce.Services.AddressService/&lt;Delete&gt;d__7::MoveNext()</Name>
              <FileRef uid="3" />
              <SequencePoints>
                <SequencePoint vc="3" uspid="109" ordinal="0" sl="109" sc="1" el="109" ec="2" bec="0" bev="0" fileid="3" />
                <SequencePoint vc="3" uspid="110" ordinal="1" sl="110" sc="1" el="110" ec="2" bec="0" bev="0" fileid="3" />
                <SequencePoint vc="3" uspid="113" ordinal="2" sl="113" sc="1" el="113" ec="2" bec="4" bev="4" fileid="3" />
                <SequencePoint vc="2" uspid="114" ordinal="3" sl="114" sc="1" el="114" ec="2" bec="0" bev="0" fileid="3" />
                <SequencePoint vc="1" uspid="116" ordinal="4" sl="116" sc="1" el="116" ec="2" bec="0" bev="0" fileid="3" />
                <SequencePoint vc="3" uspid="117" ordinal="5" sl="117" sc="1" el="117" ec="2" bec="0" bev="0" fileid="3" />
              </SequencePoints>
              <BranchPoints>
                <BranchPoint vc="2" uspid="113" ordinal="0" path="0" offset="168" offsetend="170" sl="113" fileid="3" />
                <BranchPoint vc="1" uspid="113" ordinal="1" path="1" offset="168" offsetend="194" sl="113" fileid="3" />
                <BranchPoint vc="2" uspid="113" ordinal="2" path="0" offset="199" offsetend="201" sl="113" fileid="3" />
                <BranchPoint vc="1" uspid="113" ordinal="3" path="1" offset="199" offsetend="208" sl="113" fileid="3" />
              </BranchPoints>
              <MethodPoint vc="6" uspid="0" p8:type="SequencePoint" ordinal="0" offset="0" sc="0" sl="109" ec="1" el="117" bec="0" bev="0" fileid="3" xmlns:p8="xsi" />
            </Method>
          </Methods>
        </Class>
        <Class>
          <Summary numSequencePoints="4" visitedSequencePoints="4" numBranchPoints="2" visitedBranchPoints="2" sequenceCoverage="100" branchCoverage="100" maxCyclomaticComplexity="2" minCyclomaticComplexity="2" visitedClasses="1" numClasses="1" visitedMethods="1" numMethods="1" />
          <FullName>APIEccomerce.Services.AddressService/&lt;GetByUserId&gt;d__3</FullName>
          <Methods>
            <Method cyclomaticComplexity="2" nPathComplexity="2" sequenceCoverage="100" branchCoverage="100" isConstructor="False" isGetter="False" isSetter="False" isStatic="True">
              <Summary numSequencePoints="4" visitedSequencePoints="4" numBranchPoints="2" visitedBranchPoints="2" sequenceCoverage="100" branchCoverage="100" maxCyclomaticComplexity="2" minCyclomaticComplexity="2" visitedClasses="0" numClasses="0" visitedMethods="1" numMethods="1" />
              <MetadataToken />
              <Name>System.Void APIEccomerce.Services.AddressService/&lt;GetByUserId&gt;d__3::MoveNext()</Name>
              <FileRef uid="3" />
              <SequencePoints>
                <SequencePoint vc="2" uspid="22" ordinal="0" sl="22" sc="1" el="22" ec="2" bec="0" bev="0" fileid="3" />
                <SequencePoint vc="2" uspid="23" ordinal="1" sl="23" sc="1" el="23" ec="2" bec="0" bev="0" fileid="3" />
                <SequencePoint vc="2" uspid="24" ordinal="2" sl="24" sc="1" el="24" ec="2" bec="2" bev="2" fileid="3" />
                <SequencePoint vc="2" uspid="25" ordinal="3" sl="25" sc="1" el="25" ec="2" bec="0" bev="0" fileid="3" />
              </SequencePoints>
              <BranchPoints>
                <BranchPoint vc="1" uspid="24" ordinal="0" path="0" offset="163" offsetend="165" sl="24" fileid="3" />
                <BranchPoint vc="2" uspid="24" ordinal="1" path="1" offset="163" offsetend="184" sl="24" fileid="3" />
              </BranchPoints>
              <MethodPoint vc="4" uspid="0" p8:type="SequencePoint" ordinal="0" offset="0" sc="0" sl="22" ec="1" el="25" bec="0" bev="0" fileid="3" xmlns:p8="xsi" />
            </Method>
          </Methods>
        </Class>
        <Class>
          <Summary numSequencePoints="4" visitedSequencePoints="4" numBranchPoints="2" visitedBranchPoints="2" sequenceCoverage="100" branchCoverage="100" maxCyclomaticComplexity="2" minCyclomaticComplexity="2" visitedClasses="1" numClasses="1" visitedMethods="1" numMethods="1" />
          <FullName>APIEccomerce.Services.AddressService/&lt;GetDefaultAddress&gt;d__4</FullName>
          <Methods>
            <Method cyclomaticComplexity="2" nPathComplexity="2" sequenceCoverage="100" branchCoverage="100" isConstructor="False" isGetter="False" isSetter="False" isStatic="True">
              <Summary numSequencePoints="4" visitedSequencePoints="4" numBranchPoints="2" visitedBranchPoints="2" sequenceCoverage="100" branchCoverage="100" maxCyclomaticComplexity="2" minCyclomaticComplexity="2" visitedClasses="0" numClasses="0" visitedMethods="1" numMethods="1" />
              <MetadataToken />
              <Name>System.Void APIEccomerce.Services.AddressService/&lt;GetDefaultAddress&gt;d__4::MoveNext()</Name>
              <FileRef uid="3" />
              <SequencePoints>
                <SequencePoint vc="2" uspid="28" ordinal="0" sl="28" sc="1" el="28" ec="2" bec="0" bev="0" fileid="3" />
                <SequencePoint vc="2" uspid="29" ordinal="1" sl="29" sc="1" el="29" ec="2" bec="0" bev="0" fileid="3" />
                <SequencePoint vc="2" uspid="30" ordinal="2" sl="30" sc="1" el="30" ec="2" bec="2" bev="2" fileid="3" />
                <SequencePoint vc="2" uspid="31" ordinal="3" sl="31" sc="1" el="31" ec="2" bec="0" bev="0" fileid="3" />
              </SequencePoints>
              <BranchPoints>
                <BranchPoint vc="1" uspid="30" ordinal="0" path="0" offset="157" offsetend="159" sl="30" fileid="3" />
                <BranchPoint vc="1" uspid="30" ordinal="1" path="1" offset="157" offsetend="172" sl="30" fileid="3" />
              </BranchPoints>
              <MethodPoint vc="4" uspid="0" p8:type="SequencePoint" ordinal="0" offset="0" sc="0" sl="28" ec="1" el="31" bec="0" bev="0" fileid="3" xmlns:p8="xsi" />
            </Method>
          </Methods>
        </Class>
        <Class>
          <Summary numSequencePoints="21" visitedSequencePoints="20" numBranchPoints="8" visitedBranchPoints="6" sequenceCoverage="95.23" branchCoverage="75" maxCyclomaticComplexity="8" minCyclomaticComplexity="8" visitedClasses="1" numClasses="1" visitedMethods="1" numMethods="1" />
          <FullName>APIEccomerce.Services.AddressService/&lt;Update&gt;d__6</FullName>
          <Methods>
            <Method cyclomaticComplexity="8" nPathComplexity="8" sequenceCoverage="95.23" branchCoverage="75" isConstructor="False" isGetter="False" isSetter="False" isStatic="True">
              <Summary numSequencePoints="21" visitedSequencePoints="20" numBranchPoints="8" visitedBranchPoints="6" sequenceCoverage="95.23" branchCoverage="75" maxCyclomaticComplexity="8" minCyclomaticComplexity="8" visitedClasses="0" numClasses="0" visitedMethods="1" numMethods="1" />
              <MetadataToken />
              <Name>System.Void APIEccomerce.Services.AddressService/&lt;Update&gt;d__6::MoveNext()</Name>
              <FileRef uid="3" />
              <SequencePoints>
                <SequencePoint vc="3" uspid="81" ordinal="0" sl="81" sc="1" el="81" ec="2" bec="0" bev="0" fileid="3" />
                <SequencePoint vc="3" uspid="82" ordinal="1" sl="82" sc="1" el="82" ec="2" bec="0" bev="0" fileid="3" />
                <SequencePoint vc="3" uspid="85" ordinal="2" sl="85" sc="1" el="85" ec="2" bec="4" bev="4" fileid="3" />
                <SequencePoint vc="2" uspid="86" ordinal="3" sl="86" sc="1" el="86" ec="2" bec="0" bev="0" fileid="3" />
                <SequencePoint vc="1" uspid="88" ordinal="4" sl="88" sc="1" el="88" ec="2" bec="2" bev="1" fileid="3" />
                <SequencePoint vc="0" uspid="89" ordinal="5" sl="89" sc="1" el="89" ec="2" bec="0" bev="0" fileid="3" />
                <SequencePoint vc="1" uspid="91" ordinal="6" sl="91" sc="1" el="91" ec="2" bec="0" bev="0" fileid="3" />
                <SequencePoint vc="1" uspid="92" ordinal="7" sl="92" sc="1" el="92" ec="2" bec="0" bev="0" fileid="3" />
                <SequencePoint vc="1" uspid="93" ordinal="8" sl="93" sc="1" el="93" ec="2" bec="0" bev="0" fileid="3" />
                <SequencePoint vc="1" uspid="94" ordinal="9" sl="94" sc="1" el="94" ec="2" bec="0" bev="0" fileid="3" />
                <SequencePoint vc="1" uspid="95" ordinal="10" sl="95" sc="1" el="95" ec="2" bec="0" bev="0" fileid="3" />
                <SequencePoint vc="1" uspid="96" ordinal="11" sl="96" sc="1" el="96" ec="2" bec="0" bev="0" fileid="3" />
                <SequencePoint vc="1" uspid="97" ordinal="12" sl="97" sc="1" el="97" ec="2" bec="0" bev="0" fileid="3" />
                <SequencePoint vc="1" uspid="98" ordinal="13" sl="98" sc="1" el="98" ec="2" bec="0" bev="0" fileid="3" />
                <SequencePoint vc="1" uspid="99" ordinal="14" sl="99" sc="1" el="99" ec="2" bec="0" bev="0" fileid="3" />
                <SequencePoint vc="1" uspid="100" ordinal="15" sl="100" sc="1" el="100" ec="2" bec="0" bev="0" fileid="3" />
                <SequencePoint vc="1" uspid="101" ordinal="16" sl="101" sc="1" el="101" ec="2" bec="0" bev="0" fileid="3" />
                <SequencePoint vc="1" uspid="102" ordinal="17" sl="102" sc="1" el="102" ec="2" bec="0" bev="0" fileid="3" />
                <SequencePoint vc="1" uspid="104" ordinal="18" sl="104" sc="1" el="104" ec="2" bec="0" bev="0" fileid="3" />
                <SequencePoint vc="1" uspid="105" ordinal="19" sl="105" sc="1" el="105" ec="2" bec="2" bev="1" fileid="3" />
                <SequencePoint vc="3" uspid="106" ordinal="20" sl="106" sc="1" el="106" ec="2" bec="0" bev="0" fileid="3" />
              </SequencePoints>
              <BranchPoints>
                <BranchPoint vc="2" uspid="85" ordinal="0" path="0" offset="182" offsetend="184" sl="85" fileid="3" />
                <BranchPoint vc="1" uspid="85" ordinal="1" path="1" offset="182" offsetend="208" sl="85" fileid="3" />
                <BranchPoint vc="2" uspid="85" ordinal="2" path="0" offset="213" offsetend="215" sl="85" fileid="3" />
                <BranchPoint vc="1" uspid="85" ordinal="3" path="1" offset="213" offsetend="222" sl="85" fileid="3" />
                <BranchPoint vc="0" uspid="88" ordinal="4" path="0" offset="237" offsetend="239" sl="88" fileid="3" />
                <BranchPoint vc="1" uspid="88" ordinal="5" path="1" offset="237" offsetend="354" sl="88" fileid="3" />
                <BranchPoint vc="1" uspid="105" ordinal="6" path="0" offset="775" offsetend="777" sl="105" fileid="3" />
                <BranchPoint vc="0" uspid="105" ordinal="7" path="1" offset="775" offsetend="790" sl="105" fileid="3" />
              </BranchPoints>
              <MethodPoint vc="20" uspid="0" p8:type="SequencePoint" ordinal="0" offset="0" sc="0" sl="81" ec="1" el="106" bec="0" bev="0" fileid="3" xmlns:p8="xsi" />
            </Method>
          </Methods>
        </Class>
        <Class>
          <Summary numSequencePoints="31" visitedSequencePoints="31" numBranchPoints="8" visitedBranchPoints="4" sequenceCoverage="100" branchCoverage="50" maxCyclomaticComplexity="8" minCyclomaticComplexity="1" visitedClasses="1" numClasses="1" visitedMethods="3" numMethods="3" />
          <FullName>APIEccomerce.Services.CartService</FullName>
          <Methods>
            <Method cyclomaticComplexity="1" nPathComplexity="1" sequenceCoverage="100" branchCoverage="100" isConstructor="False" isGetter="False" isSetter="False" isStatic="True">
              <Summary numSequencePoints="11" visitedSequencePoints="11" numBranchPoints="0" visitedBranchPoints="0" sequenceCoverage="100" branchCoverage="100" maxCyclomaticComplexity="1" minCyclomaticComplexity="1" visitedClasses="0" numClasses="0" visitedMethods="1" numMethods="1" />
              <MetadataToken />
              <Name>APIEccomerce.Models.DTOs.CartDto APIEccomerce.Services.CartService::MapCart(APIEccomerce.Models.Cart)</Name>
              <FileRef uid="4" />
              <SequencePoints>
                <SequencePoint vc="4" uspid="136" ordinal="0" sl="136" sc="1" el="136" ec="2" bec="0" bev="0" fileid="4" />
                <SequencePoint vc="4" uspid="137" ordinal="1" sl="137" sc="1" el="137" ec="2" bec="0" bev="0" fileid="4" />
                <SequencePoint vc="4" uspid="138" ordinal="2" sl="138" sc="1" el="138" ec="2" bec="0" bev="0" fileid="4" />
                <SequencePoint vc="4" uspid="139" ordinal="3" sl="139" sc="1" el="139" ec="2" bec="0" bev="0" fileid="4" />
                <SequencePoint vc="4" uspid="140" ordinal="4" sl="140" sc="1" el="140" ec="2" bec="0" bev="0" fileid="4" />
                <SequencePoint vc="4" uspid="141" ordinal="5" sl="141" sc="1" el="141" ec="2" bec="0" bev="0" fileid="4" />
                <SequencePoint vc="4" uspid="142" ordinal="6" sl="142" sc="1" el="142" ec="2" bec="0" bev="0" fileid="4" />
                <SequencePoint vc="4" uspid="143" ordinal="7" sl="143" sc="1" el="143" ec="2" bec="0" bev="0" fileid="4" />
                <SequencePoint vc="1" uspid="144" ordinal="8" sl="144" sc="1" el="144" ec="2" bec="0" bev="0" fileid="4" />
                <SequencePoint vc="4" uspid="145" ordinal="9" sl="145" sc="1" el="145" ec="2" bec="0" bev="0" fileid="4" />
                <SequencePoint vc="4" uspid="146" ordinal="10" sl="146" sc="1" el="146" ec="2" bec="0" bev="0" fileid="4" />
              </SequencePoints>
              <BranchPoints />
              <MethodPoint vc="11" uspid="0" p8:type="SequencePoint" ordinal="0" offset="0" sc="0" sl="136" ec="1" el="146" bec="0" bev="0" fileid="4" xmlns:p8="xsi" />
            </Method>
            <Method cyclomaticComplexity="8" nPathComplexity="8" sequenceCoverage="100" branchCoverage="50" isConstructor="False" isGetter="False" isSetter="False" isStatic="True">
              <Summary numSequencePoints="13" visitedSequencePoints="13" numBranchPoints="8" visitedBranchPoints="4" sequenceCoverage="100" branchCoverage="50" maxCyclomaticComplexity="8" minCyclomaticComplexity="8" visitedClasses="0" numClasses="0" visitedMethods="1" numMethods="1" />
              <MetadataToken />
              <Name>APIEccomerce.Models.DTOs.CartItemDto APIEccomerce.Services.CartService::MapCartItem(APIEccomerce.Models.CartItem)</Name>
              <FileRef uid="4" />
              <SequencePoints>
                <SequencePoint vc="1" uspid="149" ordinal="0" sl="149" sc="1" el="149" ec="2" bec="0" bev="0" fileid="4" />
                <SequencePoint vc="1" uspid="150" ordinal="1" sl="150" sc="1" el="150" ec="2" bec="8" bev="4" fileid="4" />
                <SequencePoint vc="1" uspid="151" ordinal="2" sl="151" sc="1" el="151" ec="2" bec="0" bev="0" fileid="4" />
                <SequencePoint vc="1" uspid="152" ordinal="3" sl="152" sc="1" el="152" ec="2" bec="0" bev="0" fileid="4" />
                <SequencePoint vc="1" uspid="153" ordinal="4" sl="153" sc="1" el="153" ec="2" bec="0" bev="0" fileid="4" />
                <SequencePoint vc="1" uspid="154" ordinal="5" sl="154" sc="1" el="154" ec="2" bec="0" bev="0" fileid="4" />
                <SequencePoint vc="1" uspid="155" ordinal="6" sl="155" sc="1" el="155" ec="2" bec="0" bev="0" fileid="4" />
                <SequencePoint vc="1" uspid="156" ordinal="7" sl="156" sc="1" el="156" ec="2" bec="0" bev="0" fileid="4" />
                <SequencePoint vc="1" uspid="157" ordinal="8" sl="157" sc="1" el="157" ec="2" bec="0" bev="0" fileid="4" />
                <SequencePoint vc="1" uspid="158" ordinal="9" sl="158" sc="1" el="158" ec="2" bec="0" bev="0" fileid="4" />
                <SequencePoint vc="1" uspid="159" ordinal="10" sl="159" sc="1" el="159" ec="2" bec="0" bev="0" fileid="4" />
                <SequencePoint vc="1" uspid="160" ordinal="11" sl="160" sc="1" el="160" ec="2" bec="0" bev="0" fileid="4" />
                <SequencePoint vc="1" uspid="161" ordinal="12" sl="161" sc="1" el="161" ec="2" bec="0" bev="0" fileid="4" />
              </SequencePoints>
              <BranchPoints>
                <BranchPoint vc="0" uspid="150" ordinal="0" path="0" offset="40" offsetend="42" sl="150" fileid="4" />
                <BranchPoint vc="1" uspid="150" ordinal="1" path="1" offset="40" offsetend="46" sl="150" fileid="4" />
                <BranchPoint vc="0" uspid="150" ordinal="2" path="0" offset="52" offsetend="54" sl="150" fileid="4" />
                <BranchPoint vc="1" uspid="150" ordinal="3" path="1" offset="52" offsetend="60" sl="150" fileid="4" />
                <BranchPoint vc="0" uspid="150" ordinal="4" path="0" offset="113" offsetend="115" sl="150" fileid="4" />
                <BranchPoint vc="1" uspid="150" ordinal="5" path="1" offset="113" offsetend="119" sl="150" fileid="4" />
                <BranchPoint vc="0" uspid="150" ordinal="6" path="0" offset="138" offsetend="140" sl="150" fileid="4" />
                <BranchPoint vc="1" uspid="150" ordinal="7" path="1" offset="138" offsetend="144" sl="150" fileid="4" />
              </BranchPoints>
              <MethodPoint vc="13" uspid="0" p8:type="SequencePoint" ordinal="1" offset="1" sc="0" sl="149" ec="1" el="161" bec="0" bev="0" fileid="4" xmlns:p8="xsi" />
            </Method>
            <Method cyclomaticComplexity="1" nPathComplexity="1" sequenceCoverage="100" branchCoverage="100" isConstructor="True" isGetter="False" isSetter="False" isStatic="True">
              <Summary numSequencePoints="7" visitedSequencePoints="7" numBranchPoints="0" visitedBranchPoints="0" sequenceCoverage="100" branchCoverage="100" maxCyclomaticComplexity="1" minCyclomaticComplexity="1" visitedClasses="0" numClasses="0" visitedMethods="1" numMethods="1" />
              <MetadataToken />
              <Name>System.Void APIEccomerce.Services.CartService::.ctor(APIEccomerce.Interfaces.ICartRepository,APIEccomerce.Repositories.Interfaces.IProductRepository)</Name>
              <FileRef uid="4" />
              <SequencePoints>
                <SequencePoint vc="9" uspid="13" ordinal="0" sl="13" sc="1" el="13" ec="2" bec="0" bev="0" fileid="4" />
                <SequencePoint vc="9" uspid="14" ordinal="1" sl="14" sc="1" el="14" ec="2" bec="0" bev="0" fileid="4" />
                <SequencePoint vc="9" uspid="15" ordinal="2" sl="15" sc="1" el="15" ec="2" bec="0" bev="0" fileid="4" />
                <SequencePoint vc="9" uspid="16" ordinal="3" sl="16" sc="1" el="16" ec="2" bec="0" bev="0" fileid="4" />
                <SequencePoint vc="9" uspid="17" ordinal="4" sl="17" sc="1" el="17" ec="2" bec="0" bev="0" fileid="4" />
                <SequencePoint vc="9" uspid="18" ordinal="5" sl="18" sc="1" el="18" ec="2" bec="0" bev="0" fileid="4" />
                <SequencePoint vc="9" uspid="19" ordinal="6" sl="19" sc="1" el="19" ec="2" bec="0" bev="0" fileid="4" />
              </SequencePoints>
              <BranchPoints />
              <MethodPoint vc="7" uspid="0" p8:type="SequencePoint" ordinal="2" offset="2" sc="0" sl="13" ec="1" el="19" bec="0" bev="0" fileid="4" xmlns:p8="xsi" />
            </Method>
          </Methods>
        </Class>
        <Class>
          <Summary numSequencePoints="41" visitedSequencePoints="34" numBranchPoints="12" visitedBranchPoints="9" sequenceCoverage="82.92" branchCoverage="75" maxCyclomaticComplexity="12" minCyclomaticComplexity="12" visitedClasses="1" numClasses="1" visitedMethods="1" numMethods="1" />
          <FullName>APIEccomerce.Services.CartService/&lt;AddOrUpdateItemAsync&gt;d__4</FullName>
          <Methods>
            <Method cyclomaticComplexity="12" nPathComplexity="12" sequenceCoverage="82.92" branchCoverage="75" isConstructor="False" isGetter="False" isSetter="False" isStatic="True">
              <Summary numSequencePoints="41" visitedSequencePoints="34" numBranchPoints="12" visitedBranchPoints="9" sequenceCoverage="82.92" branchCoverage="75" maxCyclomaticComplexity="12" minCyclomaticComplexity="12" visitedClasses="0" numClasses="0" visitedMethods="1" numMethods="1" />
              <MetadataToken />
              <Name>System.Void APIEccomerce.Services.CartService/&lt;AddOrUpdateItemAsync&gt;d__4::MoveNext()</Name>
              <FileRef uid="4" />
              <SequencePoints>
                <SequencePoint vc="4" uspid="33" ordinal="0" sl="33" sc="1" el="33" ec="2" bec="0" bev="0" fileid="4" />
                <SequencePoint vc="4" uspid="34" ordinal="1" sl="34" sc="1" el="34" ec="2" bec="2" bev="1" fileid="4" />
                <SequencePoint vc="4" uspid="35" ordinal="2" sl="35" sc="1" el="35" ec="2" bec="0" bev="0" fileid="4" />
                <SequencePoint vc="4" uspid="37" ordinal="3" sl="37" sc="1" el="37" ec="2" bec="0" bev="0" fileid="4" />
                <SequencePoint vc="4" uspid="39" ordinal="4" sl="39" sc="1" el="39" ec="2" bec="2" bev="2" fileid="4" />
                <SequencePoint vc="1" uspid="40" ordinal="5" sl="40" sc="1" el="40" ec="2" bec="0" bev="0" fileid="4" />
                <SequencePoint vc="1" uspid="41" ordinal="6" sl="41" sc="1" el="41" ec="2" bec="0" bev="0" fileid="4" />
                <SequencePoint vc="3" uspid="44" ordinal="7" sl="44" sc="1" el="44" ec="2" bec="2" bev="2" fileid="4" />
                <SequencePoint vc="1" uspid="45" ordinal="8" sl="45" sc="1" el="45" ec="2" bec="0" bev="0" fileid="4" />
                <SequencePoint vc="1" uspid="46" ordinal="9" sl="46" sc="1" el="46" ec="2" bec="0" bev="0" fileid="4" />
                <SequencePoint vc="1" uspid="47" ordinal="10" sl="47" sc="1" el="47" ec="2" bec="0" bev="0" fileid="4" />
                <SequencePoint vc="2" uspid="50" ordinal="11" sl="50" sc="1" el="50" ec="2" bec="2" bev="2" fileid="4" />
                <SequencePoint vc="1" uspid="51" ordinal="12" sl="51" sc="1" el="51" ec="2" bec="0" bev="0" fileid="4" />
                <SequencePoint vc="1" uspid="52" ordinal="13" sl="52" sc="1" el="52" ec="2" bec="0" bev="0" fileid="4" />
                <SequencePoint vc="1" uspid="53" ordinal="14" sl="53" sc="1" el="53" ec="2" bec="0" bev="0" fileid="4" />
                <SequencePoint vc="1" uspid="56" ordinal="15" sl="56" sc="1" el="56" ec="2" bec="2" bev="1" fileid="4" />
                <SequencePoint vc="0" uspid="57" ordinal="16" sl="57" sc="1" el="57" ec="2" bec="0" bev="0" fileid="4" />
                <SequencePoint vc="0" uspid="58" ordinal="17" sl="58" sc="1" el="58" ec="2" bec="0" bev="0" fileid="4" />
                <SequencePoint vc="1" uspid="61" ordinal="18" sl="61" sc="1" el="61" ec="2" bec="0" bev="0" fileid="4" />
                <SequencePoint vc="1" uspid="62" ordinal="19" sl="62" sc="1" el="62" ec="2" bec="0" bev="0" fileid="4" />
                <SequencePoint vc="1" uspid="64" ordinal="20" sl="64" sc="1" el="64" ec="2" bec="2" bev="1" fileid="4" />
                <SequencePoint vc="0" uspid="65" ordinal="21" sl="65" sc="1" el="65" ec="2" bec="0" bev="0" fileid="4" />
                <SequencePoint vc="0" uspid="66" ordinal="22" sl="66" sc="1" el="66" ec="2" bec="0" bev="0" fileid="4" />
                <SequencePoint vc="0" uspid="67" ordinal="23" sl="67" sc="1" el="67" ec="2" bec="0" bev="0" fileid="4" />
                <SequencePoint vc="0" uspid="69" ordinal="24" sl="69" sc="1" el="69" ec="2" bec="0" bev="0" fileid="4" />
                <SequencePoint vc="0" uspid="70" ordinal="25" sl="70" sc="1" el="70" ec="2" bec="0" bev="0" fileid="4" />
                <SequencePoint vc="1" uspid="72" ordinal="26" sl="72" sc="1" el="72" ec="2" bec="0" bev="0" fileid="4" />
                <SequencePoint vc="1" uspid="73" ordinal="27" sl="73" sc="1" el="73" ec="2" bec="0" bev="0" fileid="4" />
                <SequencePoint vc="1" uspid="74" ordinal="28" sl="74" sc="1" el="74" ec="2" bec="0" bev="0" fileid="4" />
                <SequencePoint vc="1" uspid="75" ordinal="29" sl="75" sc="1" el="75" ec="2" bec="0" bev="0" fileid="4" />
                <SequencePoint vc="1" uspid="76" ordinal="30" sl="76" sc="1" el="76" ec="2" bec="0" bev="0" fileid="4" />
                <SequencePoint vc="1" uspid="77" ordinal="31" sl="77" sc="1" el="77" ec="2" bec="0" bev="0" fileid="4" />
                <SequencePoint vc="1" uspid="78" ordinal="32" sl="78" sc="1" el="78" ec="2" bec="0" bev="0" fileid="4" />
                <SequencePoint vc="1" uspid="79" ordinal="33" sl="79" sc="1" el="79" ec="2" bec="0" bev="0" fileid="4" />
                <SequencePoint vc="1" uspid="81" ordinal="34" sl="81" sc="1" el="81" ec="2" bec="0" bev="0" fileid="4" />
                <SequencePoint vc="1" uspid="82" ordinal="35" sl="82" sc="1" el="82" ec="2" bec="0" bev="0" fileid="4" />
                <SequencePoint vc="1" uspid="84" ordinal="36" sl="84" sc="1" el="84" ec="2" bec="0" bev="0" fileid="4" />
                <SequencePoint vc="1" uspid="86" ordinal="37" sl="86" sc="1" el="86" ec="2" bec="0" bev="0" fileid="4" />
                <SequencePoint vc="1" uspid="88" ordinal="38" sl="88" sc="1" el="88" ec="2" bec="0" bev="0" fileid="4" />
                <SequencePoint vc="1" uspid="90" ordinal="39" sl="90" sc="1" el="90" ec="2" bec="0" bev="0" fileid="4" />
                <SequencePoint vc="1" uspid="91" ordinal="40" sl="91" sc="1" el="91" ec="2" bec="0" bev="0" fileid="4" />
              </SequencePoints>
              <BranchPoints>
                <BranchPoint vc="0" uspid="34" ordinal="0" path="0" offset="229" offsetend="234" sl="34" fileid="4" />
                <BranchPoint vc="4" uspid="34" ordinal="1" path="1" offset="229" offsetend="373" sl="34" fileid="4" />
                <BranchPoint vc="1" uspid="39" ordinal="2" path="0" offset="551" offsetend="553" sl="39" fileid="4" />
                <BranchPoint vc="3" uspid="39" ordinal="3" path="1" offset="551" offsetend="565" sl="39" fileid="4" />
                <BranchPoint vc="1" uspid="44" ordinal="4" path="0" offset="583" offsetend="585" sl="44" fileid="4" />
                <BranchPoint vc="2" uspid="44" ordinal="5" path="1" offset="583" offsetend="597" sl="44" fileid="4" />
                <BranchPoint vc="1" uspid="50" ordinal="6" path="0" offset="620" offsetend="622" sl="50" fileid="4" />
                <BranchPoint vc="1" uspid="50" ordinal="7" path="1" offset="620" offsetend="634" sl="50" fileid="4" />
                <BranchPoint vc="0" uspid="56" ordinal="8" path="0" offset="650" offsetend="655" sl="56" fileid="4" />
                <BranchPoint vc="1" uspid="56" ordinal="9" path="1" offset="650" offsetend="789" sl="56" fileid="4" />
                <BranchPoint vc="0" uspid="64" ordinal="10" path="0" offset="952" offsetend="957" sl="64" fileid="4" />
                <BranchPoint vc="1" uspid="64" ordinal="11" path="1" offset="952" offsetend="1120" sl="64" fileid="4" />
              </BranchPoints>
              <MethodPoint vc="34" uspid="0" p8:type="SequencePoint" ordinal="0" offset="0" sc="0" sl="33" ec="1" el="91" bec="0" bev="0" fileid="4" xmlns:p8="xsi" />
            </Method>
          </Methods>
        </Class>
        <Class>
          <Summary numSequencePoints="9" visitedSequencePoints="9" numBranchPoints="2" visitedBranchPoints="2" sequenceCoverage="100" branchCoverage="100" maxCyclomaticComplexity="2" minCyclomaticComplexity="2" visitedClasses="1" numClasses="1" visitedMethods="1" numMethods="1" />
          <FullName>APIEccomerce.Services.CartService/&lt;ClearCartAsync&gt;d__6</FullName>
          <Methods>
            <Method cyclomaticComplexity="2" nPathComplexity="2" sequenceCoverage="100" branchCoverage="100" isConstructor="False" isGetter="False" isSetter="False" isStatic="True">
              <Summary numSequencePoints="9" visitedSequencePoints="9" numBranchPoints="2" visitedBranchPoints="2" sequenceCoverage="100" branchCoverage="100" maxCyclomaticComplexity="2" minCyclomaticComplexity="2" visitedClasses="0" numClasses="0" visitedMethods="1" numMethods="1" />
              <MetadataToken />
              <Name>System.Void APIEccomerce.Services.CartService/&lt;ClearCartAsync&gt;d__6::MoveNext()</Name>
              <FileRef uid="4" />
              <SequencePoints>
                <SequencePoint vc="2" uspid="122" ordinal="0" sl="122" sc="1" el="122" ec="2" bec="0" bev="0" fileid="4" />
                <SequencePoint vc="2" uspid="123" ordinal="1" sl="123" sc="1" el="123" ec="2" bec="0" bev="0" fileid="4" />
                <SequencePoint vc="2" uspid="124" ordinal="2" sl="124" sc="1" el="124" ec="2" bec="0" bev="0" fileid="4" />
                <SequencePoint vc="2" uspid="126" ordinal="3" sl="126" sc="1" el="126" ec="2" bec="2" bev="2" fileid="4" />
                <SequencePoint vc="1" uspid="127" ordinal="4" sl="127" sc="1" el="127" ec="2" bec="0" bev="0" fileid="4" />
                <SequencePoint vc="1" uspid="128" ordinal="5" sl="128" sc="1" el="128" ec="2" bec="0" bev="0" fileid="4" />
                <SequencePoint vc="1" uspid="129" ordinal="6" sl="129" sc="1" el="129" ec="2" bec="0" bev="0" fileid="4" />
                <SequencePoint vc="1" uspid="132" ordinal="7" sl="132" sc="1" el="132" ec="2" bec="0" bev="0" fileid="4" />
                <SequencePoint vc="1" uspid="133" ordinal="8" sl="133" sc="1" el="133" ec="2" bec="0" bev="0" fileid="4" />
              </SequencePoints>
              <BranchPoints>
                <BranchPoint vc="1" uspid="126" ordinal="0" path="0" offset="173" offsetend="175" sl="126" fileid="4" />
                <BranchPoint vc="1" uspid="126" ordinal="1" path="1" offset="173" offsetend="187" sl="126" fileid="4" />
              </BranchPoints>
              <MethodPoint vc="9" uspid="0" p8:type="SequencePoint" ordinal="0" offset="0" sc="0" sl="122" ec="1" el="133" bec="0" bev="0" fileid="4" xmlns:p8="xsi" />
            </Method>
          </Methods>
        </Class>
        <Class>
          <Summary numSequencePoints="5" visitedSequencePoints="5" numBranchPoints="2" visitedBranchPoints="2" sequenceCoverage="100" branchCoverage="100" maxCyclomaticComplexity="2" minCyclomaticComplexity="2" visitedClasses="1" numClasses="1" visitedMethods="1" numMethods="1" />
          <FullName>APIEccomerce.Services.CartService/&lt;GetOrCreateCartAsync&gt;d__3</FullName>
          <Methods>
            <Method cyclomaticComplexity="2" nPathComplexity="2" sequenceCoverage="100" branchCoverage="100" isConstructor="False" isGetter="False" isSetter="False" isStatic="True">
              <Summary numSequencePoints="5" visitedSequencePoints="5" numBranchPoints="2" visitedBranchPoints="2" sequenceCoverage="100" branchCoverage="100" maxCyclomaticComplexity="2" minCyclomaticComplexity="2" visitedClasses="0" numClasses="0" visitedMethods="1" numMethods="1" />
              <MetadataToken />
              <Name>System.Void APIEccomerce.Services.CartService/&lt;GetOrCreateCartAsync&gt;d__3::MoveNext()</Name>
              <FileRef uid="4" />
              <SequencePoints>
                <SequencePoint vc="2" uspid="22" ordinal="0" sl="22" sc="1" el="22" ec="2" bec="0" bev="0" fileid="4" />
                <SequencePoint vc="2" uspid="23" ordinal="1" sl="23" sc="1" el="23" ec="2" bec="2" bev="2" fileid="4" />
                <SequencePoint vc="2" uspid="24" ordinal="2" sl="24" sc="1" el="24" ec="2" bec="0" bev="0" fileid="4" />
                <SequencePoint vc="2" uspid="26" ordinal="3" sl="26" sc="1" el="26" ec="2" bec="0" bev="0" fileid="4" />
                <SequencePoint vc="2" uspid="27" ordinal="4" sl="27" sc="1" el="27" ec="2" bec="0" bev="0" fileid="4" />
              </SequencePoints>
              <BranchPoints>
                <BranchPoint vc="1" uspid="23" ordinal="0" path="0" offset="161" offsetend="166" sl="23" fileid="4" />
                <BranchPoint vc="2" uspid="23" ordinal="1" path="1" offset="161" offsetend="305" sl="23" fileid="4" />
              </BranchPoints>
              <MethodPoint vc="5" uspid="0" p8:type="SequencePoint" ordinal="0" offset="0" sc="0" sl="22" ec="1" el="27" bec="0" bev="0" fileid="4" xmlns:p8="xsi" />
            </Method>
          </Methods>
        </Class>
        <Class>
          <Summary numSequencePoints="17" visitedSequencePoints="14" numBranchPoints="4" visitedBranchPoints="3" sequenceCoverage="82.35" branchCoverage="75" maxCyclomaticComplexity="4" minCyclomaticComplexity="4" visitedClasses="1" numClasses="1" visitedMethods="1" numMethods="1" />
          <FullName>APIEccomerce.Services.CartService/&lt;RemoveItemAsync&gt;d__5</FullName>
          <Methods>
            <Method cyclomaticComplexity="4" nPathComplexity="4" sequenceCoverage="82.35" branchCoverage="75" isConstructor="False" isGetter="False" isSetter="False" isStatic="True">
              <Summary numSequencePoints="17" visitedSequencePoints="14" numBranchPoints="4" visitedBranchPoints="3" sequenceCoverage="82.35" branchCoverage="75" maxCyclomaticComplexity="4" minCyclomaticComplexity="4" visitedClasses="0" numClasses="0" visitedMethods="1" numMethods="1" />
              <MetadataToken />
              <Name>System.Void APIEccomerce.Services.CartService/&lt;RemoveItemAsync&gt;d__5::MoveNext()</Name>
              <FileRef uid="4" />
              <SequencePoints>
                <SequencePoint vc="1" uspid="96" ordinal="0" sl="96" sc="1" el="96" ec="2" bec="0" bev="0" fileid="4" />
                <SequencePoint vc="1" uspid="97" ordinal="1" sl="97" sc="1" el="97" ec="2" bec="0" bev="0" fileid="4" />
                <SequencePoint vc="1" uspid="98" ordinal="2" sl="98" sc="1" el="98" ec="2" bec="0" bev="0" fileid="4" />
                <SequencePoint vc="1" uspid="100" ordinal="3" sl="100" sc="1" el="100" ec="2" bec="2" bev="1" fileid="4" />
                <SequencePoint vc="0" uspid="101" ordinal="4" sl="101" sc="1" el="101" ec="2" bec="0" bev="0" fileid="4" />
                <SequencePoint vc="0" uspid="102" ordinal="5" sl="102" sc="1" el="102" ec="2" bec="0" bev="0" fileid="4" />
                <SequencePoint vc="0" uspid="103" ordinal="6" sl="103" sc="1" el="103" ec="2" bec="0" bev="0" fileid="4" />
                <SequencePoint vc="1" uspid="106" ordinal="7" sl="106" sc="1" el="106" ec="2" bec="0" bev="0" fileid="4" />
                <SequencePoint vc="1" uspid="107" ordinal="8" sl="107" sc="1" el="107" ec="2" bec="0" bev="0" fileid="4" />
                <SequencePoint vc="1" uspid="109" ordinal="9" sl="109" sc="1" el="109" ec="2" bec="2" bev="2" fileid="4" />
                <SequencePoint vc="1" uspid="110" ordinal="10" sl="110" sc="1" el="110" ec="2" bec="0" bev="0" fileid="4" />
                <SequencePoint vc="1" uspid="111" ordinal="11" sl="111" sc="1" el="111" ec="2" bec="0" bev="0" fileid="4" />
                <SequencePoint vc="1" uspid="113" ordinal="12" sl="113" sc="1" el="113" ec="2" bec="0" bev="0" fileid="4" />
                <SequencePoint vc="1" uspid="114" ordinal="13" sl="114" sc="1" el="114" ec="2" bec="0" bev="0" fileid="4" />
                <SequencePoint vc="1" uspid="116" ordinal="14" sl="116" sc="1" el="116" ec="2" bec="0" bev="0" fileid="4" />
                <SequencePoint vc="1" uspid="118" ordinal="15" sl="118" sc="1" el="118" ec="2" bec="0" bev="0" fileid="4" />
                <SequencePoint vc="1" uspid="119" ordinal="16" sl="119" sc="1" el="119" ec="2" bec="0" bev="0" fileid="4" />
              </SequencePoints>
              <BranchPoints>
                <BranchPoint vc="0" uspid="100" ordinal="0" path="0" offset="207" offsetend="209" sl="100" fileid="4" />
                <BranchPoint vc="1" uspid="100" ordinal="1" path="1" offset="207" offsetend="221" sl="100" fileid="4" />
                <BranchPoint vc="1" uspid="109" ordinal="2" path="0" offset="384" offsetend="389" sl="109" fileid="4" />
                <BranchPoint vc="1" uspid="109" ordinal="3" path="1" offset="384" offsetend="615" sl="109" fileid="4" />
              </BranchPoints>
[...]
              </BranchPoints>
              <MethodPoint vc="0" uspid="0" p8:type="SequencePoint" ordinal="0" offset="0" sc="0" sl="130" ec="1" el="135" bec="0" bev="0" fileid="68" xmlns:p8="xsi" />
            </Method>
          </Methods>
        </Class>
        <Class>
          <Summary numSequencePoints="4" visitedSequencePoints="0" numBranchPoints="0" visitedBranchPoints="0" sequenceCoverage="0" branchCoverage="100" maxCyclomaticComplexity="1" minCyclomaticComplexity="1" visitedClasses="0" numClasses="1" visitedMethods="0" numMethods="1" />
          <FullName>APIEccomerce.Controllers.ProductoController/&lt;GetAll&gt;d__2</FullName>
          <Methods>
            <Method cyclomaticComplexity="1" nPathComplexity="1" sequenceCoverage="0" branchCoverage="100" isConstructor="False" isGetter="False" isSetter="False" isStatic="True">
              <Summary numSequencePoints="4" visitedSequencePoints="0" numBranchPoints="0" visitedBranchPoints="0" sequenceCoverage="0" branchCoverage="100" maxCyclomaticComplexity="1" minCyclomaticComplexity="1" visitedClasses="0" numClasses="0" visitedMethods="0" numMethods="1" />
              <MetadataToken />
              <Name>System.Void APIEccomerce.Controllers.ProductoController/&lt;GetAll&gt;d__2::MoveNext()</Name>
              <FileRef uid="68" />
              <SequencePoints>
                <SequencePoint vc="0" uspid="24" ordinal="0" sl="24" sc="1" el="24" ec="2" bec="0" bev="0" fileid="68" />
                <SequencePoint vc="0" uspid="25" ordinal="1" sl="25" sc="1" el="25" ec="2" bec="0" bev="0" fileid="68" />
                <SequencePoint vc="0" uspid="26" ordinal="2" sl="26" sc="1" el="26" ec="2" bec="0" bev="0" fileid="68" />
                <SequencePoint vc="0" uspid="27" ordinal="3" sl="27" sc="1" el="27" ec="2" bec="0" bev="0" fileid="68" />
              </SequencePoints>
              <BranchPoints />
              <MethodPoint vc="0" uspid="0" p8:type="SequencePoint" ordinal="0" offset="0" sc="0" sl="24" ec="1" el="27" bec="0" bev="0" fileid="68" xmlns:p8="xsi" />
            </Method>
          </Methods>
        </Class>
        <Class>
          <Summary numSequencePoints="4" visitedSequencePoints="0" numBranchPoints="0" visitedBranchPoints="0" sequenceCoverage="0" branchCoverage="100" maxCyclomaticComplexity="1" minCyclomaticComplexity="1" visitedClasses="0" numClasses="1" visitedMethods="0" numMethods="1" />
          <FullName>APIEccomerce.Controllers.ProductoController/&lt;GetByCategoria&gt;d__5</FullName>
          <Methods>
            <Method cyclomaticComplexity="1" nPathComplexity="1" sequenceCoverage="0" branchCoverage="100" isConstructor="False" isGetter="False" isSetter="False" isStatic="True">
              <Summary numSequencePoints="4" visitedSequencePoints="0" numBranchPoints="0" visitedBranchPoints="0" sequenceCoverage="0" branchCoverage="100" maxCyclomaticComplexity="1" minCyclomaticComplexity="1" visitedClasses="0" numClasses="0" visitedMethods="0" numMethods="1" />
              <MetadataToken />
              <Name>System.Void APIEccomerce.Controllers.ProductoController/&lt;GetByCategoria&gt;d__5::MoveNext()</Name>
              <FileRef uid="68" />
              <SequencePoints>
                <SequencePoint vc="0" uspid="55" ordinal="0" sl="55" sc="1" el="55" ec="2" bec="0" bev="0" fileid="68" />
                <SequencePoint vc="0" uspid="56" ordinal="1" sl="56" sc="1" el="56" ec="2" bec="0" bev="0" fileid="68" />
                <SequencePoint vc="0" uspid="57" ordinal="2" sl="57" sc="1" el="57" ec="2" bec="0" bev="0" fileid="68" />
                <SequencePoint vc="0" uspid="58" ordinal="3" sl="58" sc="1" el="58" ec="2" bec="0" bev="0" fileid="68" />
              </SequencePoints>
              <BranchPoints />
              <MethodPoint vc="0" uspid="0" p8:type="SequencePoint" ordinal="0" offset="0" sc="0" sl="55" ec="1" el="58" bec="0" bev="0" fileid="68" xmlns:p8="xsi" />
            </Method>
          </Methods>
        </Class>
        <Class>
          <Summary numSequencePoints="6" visitedSequencePoints="0" numBranchPoints="2" visitedBranchPoints="0" sequenceCoverage="0" branchCoverage="0" maxCyclomaticComplexity="2" minCyclomaticComplexity="2" visitedClasses="0" numClasses="1" visitedMethods="0" numMethods="1" />
          <FullName>APIEccomerce.Controllers.ProductoController/&lt;GetById&gt;d__8</FullName>
          <Methods>
            <Method cyclomaticComplexity="2" nPathComplexity="2" sequenceCoverage="0" branchCoverage="0" isConstructor="False" isGetter="False" isSetter="False" isStatic="True">
              <Summary numSequencePoints="6" visitedSequencePoints="0" numBranchPoints="2" visitedBranchPoints="0" sequenceCoverage="0" branchCoverage="0" maxCyclomaticComplexity="2" minCyclomaticComplexity="2" visitedClasses="0" numClasses="0" visitedMethods="0" numMethods="1" />
              <MetadataToken />
              <Name>System.Void APIEccomerce.Controllers.ProductoController/&lt;GetById&gt;d__8::MoveNext()</Name>
              <FileRef uid="68" />
              <SequencePoints>
                <SequencePoint vc="0" uspid="81" ordinal="0" sl="81" sc="1" el="81" ec="2" bec="0" bev="0" fileid="68" />
                <SequencePoint vc="0" uspid="82" ordinal="1" sl="82" sc="1" el="82" ec="2" bec="0" bev="0" fileid="68" />
                <SequencePoint vc="0" uspid="83" ordinal="2" sl="83" sc="1" el="83" ec="2" bec="2" bev="0" fileid="68" />
                <SequencePoint vc="0" uspid="84" ordinal="3" sl="84" sc="1" el="84" ec="2" bec="0" bev="0" fileid="68" />
                <SequencePoint vc="0" uspid="85" ordinal="4" sl="85" sc="1" el="85" ec="2" bec="0" bev="0" fileid="68" />
                <SequencePoint vc="0" uspid="86" ordinal="5" sl="86" sc="1" el="86" ec="2" bec="0" bev="0" fileid="68" />
              </SequencePoints>
              <BranchPoints>
                <BranchPoint vc="0" uspid="83" ordinal="0" path="0" offset="164" offsetend="166" sl="83" fileid="68" />
                <BranchPoint vc="0" uspid="83" ordinal="1" path="1" offset="164" offsetend="190" sl="83" fileid="68" />
              </BranchPoints>
              <MethodPoint vc="0" uspid="0" p8:type="SequencePoint" ordinal="0" offset="0" sc="0" sl="81" ec="1" el="86" bec="0" bev="0" fileid="68" xmlns:p8="xsi" />
            </Method>
          </Methods>
        </Class>
        <Class>
          <Summary numSequencePoints="6" visitedSequencePoints="0" numBranchPoints="2" visitedBranchPoints="0" sequenceCoverage="0" branchCoverage="0" maxCyclomaticComplexity="2" minCyclomaticComplexity="2" visitedClasses="0" numClasses="1" visitedMethods="0" numMethods="1" />
          <FullName>APIEccomerce.Controllers.ProductoController/&lt;GetByIdAdmin&gt;d__9</FullName>
          <Methods>
            <Method cyclomaticComplexity="2" nPathComplexity="2" sequenceCoverage="0" branchCoverage="0" isConstructor="False" isGetter="False" isSetter="False" isStatic="True">
              <Summary numSequencePoints="6" visitedSequencePoints="0" numBranchPoints="2" visitedBranchPoints="0" sequenceCoverage="0" branchCoverage="0" maxCyclomaticComplexity="2" minCyclomaticComplexity="2" visitedClasses="0" numClasses="0" visitedMethods="0" numMethods="1" />
              <MetadataToken />
              <Name>System.Void APIEccomerce.Controllers.ProductoController/&lt;GetByIdAdmin&gt;d__9::MoveNext()</Name>
              <FileRef uid="68" />
              <SequencePoints>
                <SequencePoint vc="0" uspid="91" ordinal="0" sl="91" sc="1" el="91" ec="2" bec="0" bev="0" fileid="68" />
                <SequencePoint vc="0" uspid="92" ordinal="1" sl="92" sc="1" el="92" ec="2" bec="0" bev="0" fileid="68" />
                <SequencePoint vc="0" uspid="93" ordinal="2" sl="93" sc="1" el="93" ec="2" bec="2" bev="0" fileid="68" />
                <SequencePoint vc="0" uspid="94" ordinal="3" sl="94" sc="1" el="94" ec="2" bec="0" bev="0" fileid="68" />
                <SequencePoint vc="0" uspid="95" ordinal="4" sl="95" sc="1" el="95" ec="2" bec="0" bev="0" fileid="68" />
                <SequencePoint vc="0" uspid="96" ordinal="5" sl="96" sc="1" el="96" ec="2" bec="0" bev="0" fileid="68" />
              </SequencePoints>
              <BranchPoints>
                <BranchPoint vc="0" uspid="93" ordinal="0" path="0" offset="164" offsetend="166" sl="93" fileid="68" />
                <BranchPoint vc="0" uspid="93" ordinal="1" path="1" offset="164" offsetend="190" sl="93" fileid="68" />
              </BranchPoints>
              <MethodPoint vc="0" uspid="0" p8:type="SequencePoint" ordinal="0" offset="0" sc="0" sl="91" ec="1" el="96" bec="0" bev="0" fileid="68" xmlns:p8="xsi" />
            </Method>
          </Methods>
        </Class>
        <Class>
          <Summary numSequencePoints="6" visitedSequencePoints="0" numBranchPoints="2" visitedBranchPoints="0" sequenceCoverage="0" branchCoverage="0" maxCyclomaticComplexity="2" minCyclomaticComplexity="2" visitedClasses="0" numClasses="1" visitedMethods="0" numMethods="1" />
          <FullName>APIEccomerce.Controllers.ProductoController/&lt;GetByIdPublic&gt;d__7</FullName>
          <Methods>
            <Method cyclomaticComplexity="2" nPathComplexity="2" sequenceCoverage="0" branchCoverage="0" isConstructor="False" isGetter="False" isSetter="False" isStatic="True">
              <Summary numSequencePoints="6" visitedSequencePoints="0" numBranchPoints="2" visitedBranchPoints="0" sequenceCoverage="0" branchCoverage="0" maxCyclomaticComplexity="2" minCyclomaticComplexity="2" visitedClasses="0" numClasses="0" visitedMethods="0" numMethods="1" />
              <MetadataToken />
              <Name>System.Void APIEccomerce.Controllers.ProductoController/&lt;GetByIdPublic&gt;d__7::MoveNext()</Name>
              <FileRef uid="68" />
              <SequencePoints>
                <SequencePoint vc="0" uspid="71" ordinal="0" sl="71" sc="1" el="71" ec="2" bec="0" bev="0" fileid="68" />
                <SequencePoint vc="0" uspid="72" ordinal="1" sl="72" sc="1" el="72" ec="2" bec="0" bev="0" fileid="68" />
                <SequencePoint vc="0" uspid="73" ordinal="2" sl="73" sc="1" el="73" ec="2" bec="2" bev="0" fileid="68" />
                <SequencePoint vc="0" uspid="74" ordinal="3" sl="74" sc="1" el="74" ec="2" bec="0" bev="0" fileid="68" />
                <SequencePoint vc="0" uspid="75" ordinal="4" sl="75" sc="1" el="75" ec="2" bec="0" bev="0" fileid="68" />
                <SequencePoint vc="0" uspid="76" ordinal="5" sl="76" sc="1" el="76" ec="2" bec="0" bev="0" fileid="68" />
              </SequencePoints>
              <BranchPoints>
                <BranchPoint vc="0" uspid="73" ordinal="0" path="0" offset="164" offsetend="166" sl="73" fileid="68" />
                <BranchPoint vc="0" uspid="73" ordinal="1" path="1" offset="164" offsetend="190" sl="73" fileid="68" />
              </BranchPoints>
              <MethodPoint vc="0" uspid="0" p8:type="SequencePoint" ordinal="0" offset="0" sc="0" sl="71" ec="1" el="76" bec="0" bev="0" fileid="68" xmlns:p8="xsi" />
            </Method>
          </Methods>
        </Class>
        <Class>
          <Summary numSequencePoints="4" visitedSequencePoints="0" numBranchPoints="0" visitedBranchPoints="0" sequenceCoverage="0" branchCoverage="100" maxCyclomaticComplexity="1" minCyclomaticComplexity="1" visitedClasses="0" numClasses="1" visitedMethods="0" numMethods="1" />
          <FullName>APIEccomerce.Controllers.ProductoController/&lt;Lista&gt;d__4</FullName>
          <Methods>
            <Method cyclomaticComplexity="1" nPathComplexity="1" sequenceCoverage="0" branchCoverage="100" isConstructor="False" isGetter="False" isSetter="False" isStatic="True">
              <Summary numSequencePoints="4" visitedSequencePoints="0" numBranchPoints="0" visitedBranchPoints="0" sequenceCoverage="0" branchCoverage="100" maxCyclomaticComplexity="1" minCyclomaticComplexity="1" visitedClasses="0" numClasses="0" visitedMethods="0" numMethods="1" />
              <MetadataToken />
              <Name>System.Void APIEccomerce.Controllers.ProductoController/&lt;Lista&gt;d__4::MoveNext()</Name>
              <FileRef uid="68" />
              <SequencePoints>
                <SequencePoint vc="0" uspid="47" ordinal="0" sl="47" sc="1" el="47" ec="2" bec="0" bev="0" fileid="68" />
                <SequencePoint vc="0" uspid="48" ordinal="1" sl="48" sc="1" el="48" ec="2" bec="0" bev="0" fileid="68" />
                <SequencePoint vc="0" uspid="49" ordinal="2" sl="49" sc="1" el="49" ec="2" bec="0" bev="0" fileid="68" />
                <SequencePoint vc="0" uspid="50" ordinal="3" sl="50" sc="1" el="50" ec="2" bec="0" bev="0" fileid="68" />
              </SequencePoints>
              <BranchPoints />
              <MethodPoint vc="0" uspid="0" p8:type="SequencePoint" ordinal="0" offset="0" sc="0" sl="47" ec="1" el="50" bec="0" bev="0" fileid="68" xmlns:p8="xsi" />
            </Method>
          </Methods>
        </Class>
        <Class>
          <Summary numSequencePoints="6" visitedSequencePoints="0" numBranchPoints="2" visitedBranchPoints="0" sequenceCoverage="0" branchCoverage="0" maxCyclomaticComplexity="2" minCyclomaticComplexity="2" visitedClasses="0" numClasses="1" visitedMethods="0" numMethods="1" />
          <FullName>APIEccomerce.Controllers.ProductoController/&lt;Update&gt;d__12</FullName>
          <Methods>
            <Method cyclomaticComplexity="2" nPathComplexity="2" sequenceCoverage="0" branchCoverage="0" isConstructor="False" isGetter="False" isSetter="False" isStatic="True">
              <Summary numSequencePoints="6" visitedSequencePoints="0" numBranchPoints="2" visitedBranchPoints="0" sequenceCoverage="0" branchCoverage="0" maxCyclomaticComplexity="2" minCyclomaticComplexity="2" visitedClasses="0" numClasses="0" visitedMethods="0" numMethods="1" />
              <MetadataToken />
              <Name>System.Void APIEccomerce.Controllers.ProductoController/&lt;Update&gt;d__12::MoveNext()</Name>
              <FileRef uid="68" />
              <SequencePoints>
                <SequencePoint vc="0" uspid="120" ordinal="0" sl="120" sc="1" el="120" ec="2" bec="0" bev="0" fileid="68" />
                <SequencePoint vc="0" uspid="121" ordinal="1" sl="121" sc="1" el="121" ec="2" bec="0" bev="0" fileid="68" />
                <SequencePoint vc="0" uspid="122" ordinal="2" sl="122" sc="1" el="122" ec="2" bec="2" bev="0" fileid="68" />
                <SequencePoint vc="0" uspid="123" ordinal="3" sl="123" sc="1" el="123" ec="2" bec="0" bev="0" fileid="68" />
                <SequencePoint vc="0" uspid="124" ordinal="4" sl="124" sc="1" el="124" ec="2" bec="0" bev="0" fileid="68" />
                <SequencePoint vc="0" uspid="125" ordinal="5" sl="125" sc="1" el="125" ec="2" bec="0" bev="0" fileid="68" />
              </SequencePoints>
              <BranchPoints>
                <BranchPoint vc="0" uspid="122" ordinal="0" path="0" offset="170" offsetend="172" sl="122" fileid="68" />
                <BranchPoint vc="0" uspid="122" ordinal="1" path="1" offset="170" offsetend="196" sl="122" fileid="68" />
              </BranchPoints>
              <MethodPoint vc="0" uspid="0" p8:type="SequencePoint" ordinal="0" offset="0" sc="0" sl="120" ec="1" el="125" bec="0" bev="0" fileid="68" xmlns:p8="xsi" />
            </Method>
          </Methods>
        </Class>
        <Class>
          <Summary numSequencePoints="6" visitedSequencePoints="0" numBranchPoints="4" visitedBranchPoints="0" sequenceCoverage="0" branchCoverage="0" maxCyclomaticComplexity="4" minCyclomaticComplexity="4" visitedClasses="0" numClasses="1" visitedMethods="0" numMethods="1" />
          <FullName>APIEccomerce.Controllers.ProductoController/&lt;UploadImage&gt;d__3</FullName>
          <Methods>
            <Method cyclomaticComplexity="4" nPathComplexity="4" sequenceCoverage="0" branchCoverage="0" isConstructor="False" isGetter="False" isSetter="False" isStatic="True">
              <Summary numSequencePoints="6" visitedSequencePoints="0" numBranchPoints="4" visitedBranchPoints="0" sequenceCoverage="0" branchCoverage="0" maxCyclomaticComplexity="4" minCyclomaticComplexity="4" visitedClasses="0" numClasses="0" visitedMethods="0" numMethods="1" />
              <MetadataToken />
              <Name>System.Void APIEccomerce.Controllers.ProductoController/&lt;UploadImage&gt;d__3::MoveNext()</Name>
              <FileRef uid="68" />
              <SequencePoints>
                <SequencePoint vc="0" uspid="35" ordinal="0" sl="35" sc="1" el="35" ec="2" bec="0" bev="0" fileid="68" />
                <SequencePoint vc="0" uspid="36" ordinal="1" sl="36" sc="1" el="36" ec="2" bec="4" bev="0" fileid="68" />
                <SequencePoint vc="0" uspid="37" ordinal="2" sl="37" sc="1" el="37" ec="2" bec="0" bev="0" fileid="68" />
                <SequencePoint vc="0" uspid="39" ordinal="3" sl="39" sc="1" el="39" ec="2" bec="0" bev="0" fileid="68" />
                <SequencePoint vc="0" uspid="40" ordinal="4" sl="40" sc="1" el="40" ec="2" bec="0" bev="0" fileid="68" />
                <SequencePoint vc="0" uspid="41" ordinal="5" sl="41" sc="1" el="41" ec="2" bec="0" bev="0" fileid="68" />
              </SequencePoints>
              <BranchPoints>
                <BranchPoint vc="0" uspid="36" ordinal="0" path="0" offset="24" offsetend="26" sl="36" fileid="68" />
                <BranchPoint vc="0" uspid="36" ordinal="1" path="1" offset="24" offsetend="43" sl="36" fileid="68" />
                <BranchPoint vc="0" uspid="36" ordinal="2" path="0" offset="46" offsetend="48" sl="36" fileid="68" />
                <BranchPoint vc="0" uspid="36" ordinal="3" path="1" offset="46" offsetend="75" sl="36" fileid="68" />
              </BranchPoints>
              <MethodPoint vc="0" uspid="0" p8:type="SequencePoint" ordinal="0" offset="0" sc="0" sl="35" ec="1" el="41" bec="0" bev="0" fileid="68" xmlns:p8="xsi" />
            </Method>
          </Methods>
        </Class>
        <Class>
          <Summary numSequencePoints="4" visitedSequencePoints="0" numBranchPoints="0" visitedBranchPoints="0" sequenceCoverage="0" branchCoverage="100" maxCyclomaticComplexity="1" minCyclomaticComplexity="1" visitedClasses="0" numClasses="1" visitedMethods="0" numMethods="1" />
          <FullName>APIEccomerce.Controllers.ProductoController/&lt;getAllAdmin&gt;d__10</FullName>
          <Methods>
            <Method cyclomaticComplexity="1" nPathComplexity="1" sequenceCoverage="0" branchCoverage="100" isConstructor="False" isGetter="False" isSetter="False" isStatic="True">
              <Summary numSequencePoints="4" visitedSequencePoints="0" numBranchPoints="0" visitedBranchPoints="0" sequenceCoverage="0" branchCoverage="100" maxCyclomaticComplexity="1" minCyclomaticComplexity="1" visitedClasses="0" numClasses="0" visitedMethods="0" numMethods="1" />
              <MetadataToken />
              <Name>System.Void APIEccomerce.Controllers.ProductoController/&lt;getAllAdmin&gt;d__10::MoveNext()</Name>
              <FileRef uid="68" />
              <SequencePoints>
                <SequencePoint vc="0" uspid="100" ordinal="0" sl="100" sc="1" el="100" ec="2" bec="0" bev="0" fileid="68" />
                <SequencePoint vc="0" uspid="101" ordinal="1" sl="101" sc="1" el="101" ec="2" bec="0" bev="0" fileid="68" />
                <SequencePoint vc="0" uspid="102" ordinal="2" sl="102" sc="1" el="102" ec="2" bec="0" bev="0" fileid="68" />
                <SequencePoint vc="0" uspid="103" ordinal="3" sl="103" sc="1" el="103" ec="2" bec="0" bev="0" fileid="68" />
              </SequencePoints>
              <BranchPoints />
              <MethodPoint vc="0" uspid="0" p8:type="SequencePoint" ordinal="0" offset="0" sc="0" sl="100" ec="1" el="103" bec="0" bev="0" fileid="68" xmlns:p8="xsi" />
            </Method>
          </Methods>
        </Class>
      </Classes>
    </Module>
  </Modules>
</CoverageSession>